Registering torchbots...
--seed 2025094519
Final score 0 : 21 bomb: 0
Over 1 games, HolmesBot scored an average of 21 points per game.
  Mulligans used: 0 (0%); 1 (0%); 2 (100%); 3 (0%).
Final score 1 : 21 bomb: 0
Final score 2 : 23 bomb: 0
Final score 3 : 22 bomb: 0
Final score 4 : 20 bomb: 0
Final score 5 : 18 bomb: 0
Final score 6 : 20 bomb: 0
Final score 7 : 22 bomb: 0
Final score 8 : 21 bomb: 0
Final score 9 : 23 bomb: 0
Final score 10 : 25 bomb: 0
Final score 11 : 23 bomb: 0
Final score 12 : 20 bomb: 0
Final score 13 : 22 bomb: 0
Final score 14 : 22 bomb: 0
Final score 15 : 17 bomb: 0
Final score 16 : 18 bomb: 1
Final score 17 : 25 bomb: 0
Final score 18 : 16 bomb: 0
Final score 19 : 22 bomb: 0
Final score 20 : 25 bomb: 0
Final score 21 : 19 bomb: 0
Final score 22 : 22 bomb: 0
Final score 23 : 18 bomb: 1
Final score 24 : 23 bomb: 0
Final score 25 : 19 bomb: 0
Final score 26 : 20 bomb: 0
Final score 27 : 21 bomb: 0
Final score 28 : 18 bomb: 1
Final score 29 : 19 bomb: 0
Final score 30 : 20 bomb: 0
Final score 31 : 24 bomb: 0
Final score 32 : 24 bomb: 0
Final score 33 : 14 bomb: 0
Final score 34 : 23 bomb: 0
Final score 35 : 23 bomb: 0
Final score 36 : 25 bomb: 0
Final score 37 : 18 bomb: 1
Final score 38 : 14 bomb: 0
Final score 39 : 22 bomb: 0
Final score 40 : 17 bomb: 0
Final score 41 : 17 bomb: 0
Final score 42 : 22 bomb: 0
Final score 43 : 24 bomb: 0
Final score 44 : 22 bomb: 0
Final score 45 : 19 bomb: 0
Final score 46 : 23 bomb: 0
Final score 47 : 22 bomb: 0
Final score 48 : 22 bomb: 0
Final score 49 : 20 bomb: 0
Final score 50 : 25 bomb: 0
Final score 51 : 15 bomb: 0
Final score 52 : 20 bomb: 0
Final score 53 : 24 bomb: 0
Final score 54 : 22 bomb: 1
Final score 55 : 24 bomb: 0
Final score 56 : 22 bomb: 0
Final score 57 : 22 bomb: 0
Final score 58 : 21 bomb: 0
Final score 59 : 22 bomb: 0
Final score 60 : 21 bomb: 0
Final score 61 : 22 bomb: 0
Final score 62 : 20 bomb: 1
Final score 63 : 21 bomb: 0
Final score 64 : 19 bomb: 1
Final score 65 : 22 bomb: 0
Final score 66 : 17 bomb: 0
Final score 67 : 21 bomb: 0
Final score 68 : 20 bomb: 0
Final score 69 : 20 bomb: 0
Final score 70 : 19 bomb: 0
Final score 71 : 22 bomb: 0
Final score 72 : 17 bomb: 0
Final score 73 : 20 bomb: 0
Final score 74 : 20 bomb: 0
Final score 75 : 20 bomb: 0
Final score 76 : 16 bomb: 0
Final score 77 : 20 bomb: 0
Final score 78 : 23 bomb: 0
Final score 79 : 23 bomb: 0
Final score 80 : 17 bomb: 0
Final score 81 : 16 bomb: 0
Final score 82 : 18 bomb: 0
Final score 83 : 24 bomb: 0
Final score 84 : 16 bomb: 0
Final score 85 : 22 bomb: 0
Final score 86 : 19 bomb: 0
Final score 87 : 18 bomb: 0
Final score 88 : 18 bomb: 0
Final score 89 : 22 bomb: 0
Final score 90 : 23 bomb: 0
Final score 91 : 16 bomb: 0
Final score 92 : 23 bomb: 0
Final score 93 : 21 bomb: 0
Final score 94 : 25 bomb: 0
Final score 95 : 22 bomb: 0
Final score 96 : 23 bomb: 0
Final score 97 : 19 bomb: 0
Final score 98 : 17 bomb: 0
Final score 99 : 24 bomb: 0
Final score 100 : 21 bomb: 0
Over 101 games, HolmesBot scored an average of 20.6337 points per game.
  5.94059 percent were perfect games.
  Mulligans used: 0 (52.4752%); 1 (31.6832%); 2 (8.91089%); 3 (6.93069%).
Final score 101 : 23 bomb: 0
Final score 102 : 20 bomb: 0
Final score 103 : 22 bomb: 0
Final score 104 : 20 bomb: 0
Final score 105 : 23 bomb: 0
Final score 106 : 19 bomb: 0
Final score 107 : 21 bomb: 0
Final score 108 : 24 bomb: 0
Final score 109 : 20 bomb: 0
Final score 110 : 19 bomb: 0
Final score 111 : 17 bomb: 0
Final score 112 : 23 bomb: 0
Final score 113 : 22 bomb: 0
Final score 114 : 24 bomb: 0
Final score 115 : 19 bomb: 0
Final score 116 : 20 bomb: 0
Final score 117 : 20 bomb: 0
Final score 118 : 24 bomb: 0
Final score 119 : 18 bomb: 0
Final score 120 : 19 bomb: 1
Final score 121 : 16 bomb: 0
Final score 122 : 22 bomb: 0
Final score 123 : 22 bomb: 0
Final score 124 : 20 bomb: 0
Final score 125 : 18 bomb: 0
Final score 126 : 21 bomb: 0
Final score 127 : 14 bomb: 0
Final score 128 : 21 bomb: 0
Final score 129 : 23 bomb: 0
Final score 130 : 19 bomb: 1
Final score 131 : 13 bomb: 0
Final score 132 : 18 bomb: 0
Final score 133 : 25 bomb: 0
Final score 134 : 12 bomb: 1
Final score 135 : 19 bomb: 0
Final score 136 : 22 bomb: 0
Final score 137 : 25 bomb: 0
Final score 138 : 24 bomb: 0
Final score 139 : 21 bomb: 0
Final score 140 : 18 bomb: 0
Final score 141 : 22 bomb: 0
Final score 142 : 23 bomb: 0
Final score 143 : 18 bomb: 0
Final score 144 : 21 bomb: 0
Final score 145 : 19 bomb: 0
Final score 146 : 21 bomb: 0
Final score 147 : 19 bomb: 0
Final score 148 : 18 bomb: 0
Final score 149 : 20 bomb: 0
Final score 150 : 19 bomb: 0
Final score 151 : 21 bomb: 0
Final score 152 : 17 bomb: 0
Final score 153 : 22 bomb: 0
Final score 154 : 21 bomb: 0
Final score 155 : 23 bomb: 0
Final score 156 : 21 bomb: 0
Final score 157 : 19 bomb: 0
Final score 158 : 21 bomb: 0
Final score 159 : 18 bomb: 0
Final score 160 : 21 bomb: 0
Final score 161 : 22 bomb: 0
Final score 162 : 22 bomb: 0
Final score 163 : 24 bomb: 0
Final score 164 : 21 bomb: 0
Final score 165 : 17 bomb: 0
Final score 166 : 22 bomb: 0
Final score 167 : 20 bomb: 0
Final score 168 : 23 bomb: 0
Final score 169 : 21 bomb: 0
Final score 170 : 24 bomb: 0
Final score 171 : 23 bomb: 0
Final score 172 : 25 bomb: 0
Final score 173 : 21 bomb: 0
Final score 174 : 21 bomb: 0
Final score 175 : 21 bomb: 0
Final score 176 : 16 bomb: 0
Final score 177 : 19 bomb: 0
Final score 178 : 24 bomb: 0
Final score 179 : 21 bomb: 0
Final score 180 : 25 bomb: 0
Final score 181 : 22 bomb: 0
Final score 182 : 22 bomb: 0
Final score 183 : 22 bomb: 0
Final score 184 : 12 bomb: 0
Final score 185 : 21 bomb: 1
Final score 186 : 19 bomb: 0
Final score 187 : 22 bomb: 1
Final score 188 : 21 bomb: 0
Final score 189 : 18 bomb: 1
Final score 190 : 19 bomb: 0
Final score 191 : 22 bomb: 0
Final score 192 : 25 bomb: 0
Final score 193 : 24 bomb: 0
Final score 194 : 22 bomb: 0
Final score 195 : 20 bomb: 0
Final score 196 : 18 bomb: 0
Final score 197 : 25 bomb: 0
Final score 198 : 17 bomb: 0
Final score 199 : 22 bomb: 0
Final score 200 : 22 bomb: 0
Over 201 games, HolmesBot scored an average of 20.6219 points per game.
  5.97015 percent were perfect games.
  Mulligans used: 0 (51.2438%); 1 (31.8408%); 2 (10.4478%); 3 (6.46766%).
Final score 201 : 23 bomb: 0
Final score 202 : 22 bomb: 0
Final score 203 : 22 bomb: 0
Final score 204 : 16 bomb: 0
Final score 205 : 22 bomb: 0
Final score 206 : 21 bomb: 0
Final score 207 : 23 bomb: 0
Final score 208 : 19 bomb: 0
Final score 209 : 18 bomb: 0
Final score 210 : 14 bomb: 0
Final score 211 : 23 bomb: 0
Final score 212 : 20 bomb: 0
Final score 213 : 20 bomb: 0
Final score 214 : 24 bomb: 0
Final score 215 : 21 bomb: 0
Final score 216 : 22 bomb: 0
Final score 217 : 23 bomb: 0
Final score 218 : 18 bomb: 0
Final score 219 : 23 bomb: 0
Final score 220 : 21 bomb: 0
Final score 221 : 19 bomb: 0
Final score 222 : 23 bomb: 0
Final score 223 : 14 bomb: 0
Final score 224 : 23 bomb: 0
Final score 225 : 22 bomb: 0
Final score 226 : 22 bomb: 0
Final score 227 : 20 bomb: 0
Final score 228 : 17 bomb: 0
Final score 229 : 22 bomb: 0
Final score 230 : 25 bomb: 0
Final score 231 : 18 bomb: 0
Final score 232 : 17 bomb: 0
Final score 233 : 17 bomb: 0
Final score 234 : 23 bomb: 0
Final score 235 : 20 bomb: 0
Final score 236 : 19 bomb: 0
Final score 237 : 18 bomb: 0
Final score 238 : 20 bomb: 0
Final score 239 : 14 bomb: 1
Final score 240 : 23 bomb: 0
Final score 241 : 15 bomb: 0
Final score 242 : 18 bomb: 0
Final score 243 : 21 bomb: 1
Final score 244 : 18 bomb: 0
Final score 245 : 20 bomb: 0
Final score 246 : 21 bomb: 0
Final score 247 : 20 bomb: 0
Final score 248 : 19 bomb: 1
Final score 249 : 18 bomb: 0
Final score 250 : 21 bomb: 0
Final score 251 : 17 bomb: 0
Final score 252 : 18 bomb: 0
Final score 253 : 20 bomb: 0
Final score 254 : 18 bomb: 0
Final score 255 : 22 bomb: 0
Final score 256 : 22 bomb: 0
Final score 257 : 25 bomb: 0
Final score 258 : 19 bomb: 0
Final score 259 : 15 bomb: 0
Final score 260 : 22 bomb: 0
Final score 261 : 19 bomb: 0
Final score 262 : 22 bomb: 0
Final score 263 : 25 bomb: 0
Final score 264 : 22 bomb: 0
Final score 265 : 22 bomb: 0
Final score 266 : 14 bomb: 0
Final score 267 : 18 bomb: 0
Final score 268 : 21 bomb: 0
Final score 269 : 23 bomb: 0
Final score 270 : 22 bomb: 0
Final score 271 : 21 bomb: 0
Final score 272 : 16 bomb: 0
Final score 273 : 22 bomb: 0
Final score 274 : 21 bomb: 0
Final score 275 : 23 bomb: 0
Final score 276 : 18 bomb: 1
Final score 277 : 24 bomb: 0
Final score 278 : 22 bomb: 0
Final score 279 : 20 bomb: 0
Final score 280 : 19 bomb: 0
Final score 281 : 23 bomb: 0
Final score 282 : 18 bomb: 1
Final score 283 : 20 bomb: 0
Final score 284 : 19 bomb: 0
Final score 285 : 21 bomb: 1
Final score 286 : 23 bomb: 0
Final score 287 : 22 bomb: 0
Final score 288 : 21 bomb: 0
Final score 289 : 20 bomb: 0
Final score 290 : 15 bomb: 1
Final score 291 : 19 bomb: 0
Final score 292 : 23 bomb: 0
Final score 293 : 21 bomb: 0
Final score 294 : 21 bomb: 0
Final score 295 : 17 bomb: 0
Final score 296 : 22 bomb: 0
Final score 297 : 17 bomb: 0
Final score 298 : 22 bomb: 0
Final score 299 : 24 bomb: 0
Final score 300 : 19 bomb: 0
Over 301 games, HolmesBot scored an average of 20.485 points per game.
  4.98339 percent were perfect games.
  Mulligans used: 0 (51.1628%); 1 (32.2259%); 2 (9.96678%); 3 (6.64452%).
Final score 301 : 20 bomb: 0
Final score 302 : 21 bomb: 0
Final score 303 : 21 bomb: 0
Final score 304 : 20 bomb: 0
Final score 305 : 23 bomb: 0
Final score 306 : 20 bomb: 0
Final score 307 : 23 bomb: 0
Final score 308 : 19 bomb: 0
Final score 309 : 17 bomb: 0
Final score 310 : 15 bomb: 0
Final score 311 : 21 bomb: 0
Final score 312 : 22 bomb: 0
Final score 313 : 21 bomb: 0
Final score 314 : 25 bomb: 0
Final score 315 : 23 bomb: 0
Final score 316 : 22 bomb: 0
Final score 317 : 22 bomb: 0
Final score 318 : 19 bomb: 0
Final score 319 : 23 bomb: 0
Final score 320 : 19 bomb: 0
Final score 321 : 22 bomb: 0
Final score 322 : 18 bomb: 0
Final score 323 : 23 bomb: 0
Final score 324 : 20 bomb: 0
Final score 325 : 19 bomb: 0
Final score 326 : 16 bomb: 0
Final score 327 : 20 bomb: 0
Final score 328 : 20 bomb: 0
Final score 329 : 21 bomb: 0
Final score 330 : 18 bomb: 0
Final score 331 : 21 bomb: 0
Final score 332 : 20 bomb: 0
Final score 333 : 21 bomb: 0
Final score 334 : 21 bomb: 0
Final score 335 : 22 bomb: 0
Final score 336 : 22 bomb: 0
Final score 337 : 17 bomb: 0
Final score 338 : 24 bomb: 0
Final score 339 : 22 bomb: 0
Final score 340 : 18 bomb: 0
Final score 341 : 21 bomb: 0
Final score 342 : 22 bomb: 0
Final score 343 : 20 bomb: 0
Final score 344 : 19 bomb: 0
Final score 345 : 23 bomb: 0
Final score 346 : 24 bomb: 0
Final score 347 : 23 bomb: 0
Final score 348 : 22 bomb: 0
Final score 349 : 20 bomb: 0
Final score 350 : 25 bomb: 0
Final score 351 : 25 bomb: 0
Final score 352 : 25 bomb: 0
Final score 353 : 20 bomb: 0
Final score 354 : 18 bomb: 0
Final score 355 : 20 bomb: 1
Final score 356 : 19 bomb: 0
Final score 357 : 25 bomb: 0
Final score 358 : 20 bomb: 0
Final score 359 : 22 bomb: 0
Final score 360 : 24 bomb: 0
Final score 361 : 21 bomb: 0
Final score 362 : 20 bomb: 0
Final score 363 : 14 bomb: 0
Final score 364 : 20 bomb: 1
Final score 365 : 22 bomb: 0
Final score 366 : 22 bomb: 0
Final score 367 : 15 bomb: 0
Final score 368 : 21 bomb: 0
Final score 369 : 21 bomb: 0
Final score 370 : 21 bomb: 0
Final score 371 : 23 bomb: 0
Final score 372 : 21 bomb: 0
Final score 373 : 18 bomb: 0
Final score 374 : 19 bomb: 0
Final score 375 : 20 bomb: 0
Final score 376 : 23 bomb: 0
Final score 377 : 19 bomb: 1
Final score 378 : 22 bomb: 0
Final score 379 : 23 bomb: 0
Final score 380 : 23 bomb: 0
Final score 381 : 24 bomb: 0
Final score 382 : 25 bomb: 0
Final score 383 : 21 bomb: 0
Final score 384 : 14 bomb: 0
Final score 385 : 22 bomb: 0
Final score 386 : 16 bomb: 0
Final score 387 : 22 bomb: 0
Final score 388 : 23 bomb: 0
Final score 389 : 20 bomb: 0
Final score 390 : 20 bomb: 0
Final score 391 : 18 bomb: 0
Final score 392 : 18 bomb: 0
Final score 393 : 17 bomb: 0
Final score 394 : 25 bomb: 0
Final score 395 : 18 bomb: 0
Final score 396 : 18 bomb: 0
Final score 397 : 22 bomb: 0
Final score 398 : 19 bomb: 0
Final score 399 : 18 bomb: 0
Final score 400 : 18 bomb: 0
Over 401 games, HolmesBot scored an average of 20.5237 points per game.
  5.48628 percent were perfect games.
  Mulligans used: 0 (52.3691%); 1 (31.1721%); 2 (10.7232%); 3 (5.73566%).
Final score 401 : 18 bomb: 0
Final score 402 : 24 bomb: 0
Final score 403 : 19 bomb: 0
Final score 404 : 19 bomb: 0
Final score 405 : 22 bomb: 0
Final score 406 : 23 bomb: 0
Final score 407 : 20 bomb: 0
Final score 408 : 21 bomb: 0
Final score 409 : 23 bomb: 0
Final score 410 : 22 bomb: 0
Final score 411 : 25 bomb: 0
Final score 412 : 18 bomb: 0
Final score 413 : 18 bomb: 1
Final score 414 : 18 bomb: 0
Final score 415 : 20 bomb: 1
Final score 416 : 20 bomb: 0
Final score 417 : 22 bomb: 0
Final score 418 : 22 bomb: 0
Final score 419 : 21 bomb: 0
Final score 420 : 22 bomb: 0
Final score 421 : 21 bomb: 0
Final score 422 : 20 bomb: 0
Final score 423 : 20 bomb: 0
Final score 424 : 18 bomb: 1
Final score 425 : 24 bomb: 0
Final score 426 : 19 bomb: 0
Final score 427 : 21 bomb: 0
Final score 428 : 17 bomb: 0
Final score 429 : 16 bomb: 0
Final score 430 : 21 bomb: 0
Final score 431 : 16 bomb: 0
Final score 432 : 23 bomb: 0
Final score 433 : 22 bomb: 0
Final score 434 : 21 bomb: 0
Final score 435 : 22 bomb: 0
Final score 436 : 21 bomb: 0
Final score 437 : 23 bomb: 0
Final score 438 : 21 bomb: 0
Final score 439 : 20 bomb: 0
Final score 440 : 23 bomb: 0
Final score 441 : 18 bomb: 1
Final score 442 : 18 bomb: 0
Final score 443 : 21 bomb: 0
Final score 444 : 22 bomb: 0
Final score 445 : 23 bomb: 0
Final score 446 : 24 bomb: 0
Final score 447 : 23 bomb: 0
Final score 448 : 22 bomb: 0
Final score 449 : 23 bomb: 0
Final score 450 : 21 bomb: 0
Final score 451 : 19 bomb: 0
Final score 452 : 25 bomb: 0
Final score 453 : 23 bomb: 0
Final score 454 : 21 bomb: 0
Final score 455 : 23 bomb: 0
Final score 456 : 22 bomb: 0
Final score 457 : 18 bomb: 0
Final score 458 : 22 bomb: 0
Final score 459 : 16 bomb: 0
Final score 460 : 24 bomb: 0
Final score 461 : 21 bomb: 0
Final score 462 : 22 bomb: 0
Final score 463 : 23 bomb: 0
Final score 464 : 25 bomb: 0
Final score 465 : 20 bomb: 0
Final score 466 : 17 bomb: 0
Final score 467 : 24 bomb: 0
Final score 468 : 19 bomb: 0
Final score 469 : 22 bomb: 0
Final score 470 : 20 bomb: 1
Final score 471 : 24 bomb: 0
Final score 472 : 21 bomb: 0
Final score 473 : 16 bomb: 0
Final score 474 : 15 bomb: 0
Final score 475 : 21 bomb: 0
Final score 476 : 20 bomb: 0
Final score 477 : 25 bomb: 0
Final score 478 : 21 bomb: 0
Final score 479 : 23 bomb: 0
Final score 480 : 22 bomb: 0
Final score 481 : 21 bomb: 0
Final score 482 : 19 bomb: 0
Final score 483 : 21 bomb: 0
Final score 484 : 22 bomb: 0
Final score 485 : 22 bomb: 0
Final score 486 : 23 bomb: 0
Final score 487 : 18 bomb: 1
Final score 488 : 21 bomb: 0
Final score 489 : 20 bomb: 0
Final score 490 : 24 bomb: 0
Final score 491 : 17 bomb: 0
Final score 492 : 20 bomb: 0
Final score 493 : 23 bomb: 0
Final score 494 : 11 bomb: 1
Final score 495 : 15 bomb: 0
Final score 496 : 21 bomb: 0
Final score 497 : 18 bomb: 0
Final score 498 : 21 bomb: 0
Final score 499 : 23 bomb: 0
Final score 500 : 18 bomb: 0
Over 501 games, HolmesBot scored an average of 20.5649 points per game.
  5.18962 percent were perfect games.
  Mulligans used: 0 (52.8942%); 1 (31.7365%); 2 (9.38124%); 3 (5.98802%).
Final score 501 : 24 bomb: 0
Final score 502 : 20 bomb: 0
Final score 503 : 20 bomb: 0
Final score 504 : 25 bomb: 0
Final score 505 : 25 bomb: 0
Final score 506 : 20 bomb: 0
Final score 507 : 18 bomb: 0
Final score 508 : 19 bomb: 0
Final score 509 : 21 bomb: 0
Final score 510 : 22 bomb: 0
Final score 511 : 24 bomb: 0
Final score 512 : 23 bomb: 0
Final score 513 : 23 bomb: 0
Final score 514 : 21 bomb: 0
Final score 515 : 23 bomb: 0
Final score 516 : 16 bomb: 0
Final score 517 : 22 bomb: 0
Final score 518 : 23 bomb: 0
Final score 519 : 16 bomb: 0
Final score 520 : 17 bomb: 0
Final score 521 : 20 bomb: 0
Final score 522 : 19 bomb: 0
Final score 523 : 20 bomb: 0
Final score 524 : 21 bomb: 0
Final score 525 : 21 bomb: 0
Final score 526 : 20 bomb: 0
Final score 527 : 20 bomb: 0
Final score 528 : 18 bomb: 0
Final score 529 : 25 bomb: 0
Final score 530 : 18 bomb: 0
Final score 531 : 24 bomb: 0
Final score 532 : 19 bomb: 0
Final score 533 : 24 bomb: 0
Final score 534 : 23 bomb: 0
Final score 535 : 21 bomb: 0
Final score 536 : 25 bomb: 0
Final score 537 : 22 bomb: 0
Final score 538 : 16 bomb: 0
Final score 539 : 22 bomb: 0
Final score 540 : 19 bomb: 0
Final score 541 : 21 bomb: 0
Final score 542 : 15 bomb: 1
Final score 543 : 22 bomb: 0
Final score 544 : 23 bomb: 0
Final score 545 : 17 bomb: 1
Final score 546 : 22 bomb: 0
Final score 547 : 24 bomb: 0
Final score 548 : 22 bomb: 0
Final score 549 : 20 bomb: 0
Final score 550 : 21 bomb: 0
Final score 551 : 21 bomb: 0
Final score 552 : 23 bomb: 0
Final score 553 : 20 bomb: 0
Final score 554 : 17 bomb: 0
Final score 555 : 23 bomb: 0
Final score 556 : 22 bomb: 0
Final score 557 : 11 bomb: 0
Final score 558 : 25 bomb: 0
Final score 559 : 18 bomb: 0
Final score 560 : 21 bomb: 0
Final score 561 : 15 bomb: 0
Final score 562 : 18 bomb: 0
Final score 563 : 19 bomb: 0
Final score 564 : 21 bomb: 0
Final score 565 : 24 bomb: 0
Final score 566 : 18 bomb: 0
Final score 567 : 20 bomb: 0
Final score 568 : 20 bomb: 0
Final score 569 : 22 bomb: 0
Final score 570 : 20 bomb: 0
Final score 571 : 21 bomb: 0
Final score 572 : 21 bomb: 0
Final score 573 : 16 bomb: 0
Final score 574 : 25 bomb: 0
Final score 575 : 25 bomb: 0
Final score 576 : 21 bomb: 0
Final score 577 : 19 bomb: 0
Final score 578 : 20 bomb: 0
Final score 579 : 23 bomb: 0
Final score 580 : 20 bomb: 0
Final score 581 : 17 bomb: 0
Final score 582 : 18 bomb: 0
Final score 583 : 23 bomb: 0
Final score 584 : 22 bomb: 0
Final score 585 : 19 bomb: 0
Final score 586 : 20 bomb: 0
Final score 587 : 25 bomb: 0
Final score 588 : 25 bomb: 0
Final score 589 : 15 bomb: 1
Final score 590 : 16 bomb: 0
Final score 591 : 19 bomb: 0
Final score 592 : 19 bomb: 0
Final score 593 : 17 bomb: 0
Final score 594 : 22 bomb: 0
Final score 595 : 23 bomb: 0
Final score 596 : 24 bomb: 0
Final score 597 : 25 bomb: 0
Final score 598 : 17 bomb: 0
Final score 599 : 23 bomb: 0
Final score 600 : 22 bomb: 0
Over 601 games, HolmesBot scored an average of 20.5807 points per game.
  5.99002 percent were perfect games.
  Mulligans used: 0 (54.2429%); 1 (30.9484%); 2 (9.3178%); 3 (5.49085%).
Final score 601 : 22 bomb: 0
Final score 602 : 21 bomb: 0
Final score 603 : 23 bomb: 0
Final score 604 : 22 bomb: 0
Final score 605 : 19 bomb: 0
Final score 606 : 23 bomb: 0
Final score 607 : 20 bomb: 0
Final score 608 : 23 bomb: 0
Final score 609 : 19 bomb: 0
Final score 610 : 19 bomb: 0
Final score 611 : 21 bomb: 0
Final score 612 : 21 bomb: 0
Final score 613 : 21 bomb: 0
Final score 614 : 21 bomb: 0
Final score 615 : 20 bomb: 0
Final score 616 : 23 bomb: 0
Final score 617 : 23 bomb: 0
Final score 618 : 20 bomb: 0
Final score 619 : 21 bomb: 0
Final score 620 : 22 bomb: 0
Final score 621 : 18 bomb: 0
Final score 622 : 25 bomb: 0
Final score 623 : 22 bomb: 0
Final score 624 : 18 bomb: 0
Final score 625 : 11 bomb: 0
Final score 626 : 22 bomb: 0
Final score 627 : 24 bomb: 0
Final score 628 : 15 bomb: 0
Final score 629 : 21 bomb: 0
Final score 630 : 18 bomb: 0
Final score 631 : 21 bomb: 0
Final score 632 : 22 bomb: 0
Final score 633 : 21 bomb: 0
Final score 634 : 19 bomb: 0
Final score 635 : 16 bomb: 0
Final score 636 : 23 bomb: 0
Final score 637 : 19 bomb: 1
Final score 638 : 19 bomb: 0
Final score 639 : 22 bomb: 0
Final score 640 : 18 bomb: 0
Final score 641 : 23 bomb: 0
Final score 642 : 22 bomb: 0
Final score 643 : 24 bomb: 0
Final score 644 : 21 bomb: 0
Final score 645 : 21 bomb: 0
Final score 646 : 23 bomb: 0
Final score 647 : 21 bomb: 0
Final score 648 : 20 bomb: 0
Final score 649 : 18 bomb: 0
Final score 650 : 22 bomb: 0
Final score 651 : 22 bomb: 0
Final score 652 : 21 bomb: 0
Final score 653 : 21 bomb: 0
Final score 654 : 21 bomb: 0
Final score 655 : 21 bomb: 0
Final score 656 : 17 bomb: 1
Final score 657 : 18 bomb: 0
Final score 658 : 22 bomb: 0
Final score 659 : 23 bomb: 0
Final score 660 : 25 bomb: 0
Final score 661 : 22 bomb: 0
Final score 662 : 20 bomb: 0
Final score 663 : 16 bomb: 0
Final score 664 : 19 bomb: 0
Final score 665 : 17 bomb: 0
Final score 666 : 22 bomb: 1
Final score 667 : 14 bomb: 0
Final score 668 : 25 bomb: 0
Final score 669 : 21 bomb: 0
Final score 670 : 22 bomb: 0
Final score 671 : 12 bomb: 0
Final score 672 : 20 bomb: 1
Final score 673 : 23 bomb: 0
Final score 674 : 22 bomb: 0
Final score 675 : 22 bomb: 0
Final score 676 : 19 bomb: 0
Final score 677 : 21 bomb: 0
Final score 678 : 21 bomb: 0
Final score 679 : 16 bomb: 1
Final score 680 : 23 bomb: 0
Final score 681 : 20 bomb: 0
Final score 682 : 22 bomb: 0
Final score 683 : 16 bomb: 1
Final score 684 : 24 bomb: 0
Final score 685 : 19 bomb: 1
Final score 686 : 21 bomb: 0
Final score 687 : 23 bomb: 0
Final score 688 : 20 bomb: 0
Final score 689 : 21 bomb: 0
Final score 690 : 23 bomb: 0
Final score 691 : 22 bomb: 0
Final score 692 : 24 bomb: 0
Final score 693 : 21 bomb: 0
Final score 694 : 19 bomb: 0
Final score 695 : 23 bomb: 0
Final score 696 : 20 bomb: 1
Final score 697 : 18 bomb: 0
Final score 698 : 18 bomb: 0
Final score 699 : 21 bomb: 0
Final score 700 : 25 bomb: 0
Over 701 games, HolmesBot scored an average of 20.5849 points per game.
  5.70613 percent were perfect games.
  Mulligans used: 0 (53.6377%); 1 (31.3837%); 2 (9.12981%); 3 (5.84879%).
Final score 701 : 22 bomb: 0
Final score 702 : 19 bomb: 0
Final score 703 : 18 bomb: 0
Final score 704 : 23 bomb: 0
Final score 705 : 16 bomb: 0
Final score 706 : 15 bomb: 0
Final score 707 : 18 bomb: 0
Final score 708 : 24 bomb: 0
Final score 709 : 19 bomb: 0
Final score 710 : 22 bomb: 0
Final score 711 : 21 bomb: 0
Final score 712 : 16 bomb: 0
Final score 713 : 25 bomb: 0
Final score 714 : 16 bomb: 0
Final score 715 : 19 bomb: 0
Final score 716 : 22 bomb: 0
Final score 717 : 16 bomb: 0
Final score 718 : 23 bomb: 0
Final score 719 : 20 bomb: 0
Final score 720 : 24 bomb: 0
Final score 721 : 20 bomb: 0
Final score 722 : 23 bomb: 0
Final score 723 : 21 bomb: 0
Final score 724 : 22 bomb: 0
Final score 725 : 20 bomb: 0
Final score 726 : 23 bomb: 0
Final score 727 : 22 bomb: 0
Final score 728 : 24 bomb: 0
Final score 729 : 18 bomb: 0
Final score 730 : 22 bomb: 0
Final score 731 : 23 bomb: 0
Final score 732 : 13 bomb: 0
Final score 733 : 16 bomb: 0
Final score 734 : 17 bomb: 0
Final score 735 : 15 bomb: 0
Final score 736 : 21 bomb: 0
Final score 737 : 19 bomb: 1
Final score 738 : 19 bomb: 0
Final score 739 : 15 bomb: 0
Final score 740 : 18 bomb: 0
Final score 741 : 19 bomb: 0
Final score 742 : 23 bomb: 0
Final score 743 : 20 bomb: 0
Final score 744 : 21 bomb: 0
Final score 745 : 17 bomb: 0
Final score 746 : 22 bomb: 0
Final score 747 : 19 bomb: 0
Final score 748 : 20 bomb: 0
Final score 749 : 24 bomb: 0
Final score 750 : 21 bomb: 0
Final score 751 : 25 bomb: 0
Final score 752 : 20 bomb: 0
Final score 753 : 18 bomb: 0
Final score 754 : 24 bomb: 0
Final score 755 : 24 bomb: 0
Final score 756 : 23 bomb: 0
Final score 757 : 16 bomb: 0
Final score 758 : 22 bomb: 0
Final score 759 : 24 bomb: 0
Final score 760 : 24 bomb: 0
Final score 761 : 24 bomb: 0
Final score 762 : 22 bomb: 0
Final score 763 : 22 bomb: 0
Final score 764 : 19 bomb: 0
Final score 765 : 22 bomb: 0
Final score 766 : 18 bomb: 0
Final score 767 : 22 bomb: 0
Final score 768 : 19 bomb: 0
Final score 769 : 16 bomb: 0
Final score 770 : 21 bomb: 0
Final score 771 : 21 bomb: 0
Final score 772 : 18 bomb: 1
Final score 773 : 24 bomb: 0
Final score 774 : 19 bomb: 0
Final score 775 : 24 bomb: 0
Final score 776 : 16 bomb: 0
Final score 777 : 24 bomb: 0
Final score 778 : 21 bomb: 1
Final score 779 : 21 bomb: 0
Final score 780 : 24 bomb: 0
Final score 781 : 21 bomb: 0
Final score 782 : 25 bomb: 0
Final score 783 : 22 bomb: 0
Final score 784 : 22 bomb: 0
Final score 785 : 18 bomb: 0
Final score 786 : 24 bomb: 0
Final score 787 : 21 bomb: 0
Final score 788 : 23 bomb: 0
Final score 789 : 21 bomb: 0
Final score 790 : 24 bomb: 0
Final score 791 : 24 bomb: 0
Final score 792 : 24 bomb: 0
Final score 793 : 21 bomb: 0
Final score 794 : 19 bomb: 0
Final score 795 : 21 bomb: 0
Final score 796 : 23 bomb: 0
Final score 797 : 24 bomb: 0
Final score 798 : 17 bomb: 0
Final score 799 : 24 bomb: 0
Final score 800 : 20 bomb: 0
Over 801 games, HolmesBot scored an average of 20.5993 points per game.
  5.36829 percent were perfect games.
  Mulligans used: 0 (54.3071%); 1 (31.5855%); 2 (8.61423%); 3 (5.49313%).
Final score 801 : 21 bomb: 0
Final score 802 : 19 bomb: 0
Final score 803 : 21 bomb: 0
Final score 804 : 24 bomb: 0
Final score 805 : 24 bomb: 0
Final score 806 : 24 bomb: 0
Final score 807 : 18 bomb: 0
Final score 808 : 20 bomb: 0
Final score 809 : 21 bomb: 1
Final score 810 : 23 bomb: 0
Final score 811 : 24 bomb: 0
Final score 812 : 20 bomb: 0
Final score 813 : 21 bomb: 0
Final score 814 : 21 bomb: 0
Final score 815 : 19 bomb: 0
Final score 816 : 21 bomb: 0
Final score 817 : 23 bomb: 0
Final score 818 : 25 bomb: 0
Final score 819 : 20 bomb: 0
Final score 820 : 25 bomb: 0
Final score 821 : 21 bomb: 0
Final score 822 : 16 bomb: 0
Final score 823 : 20 bomb: 0
Final score 824 : 20 bomb: 0
Final score 825 : 23 bomb: 0
Final score 826 : 22 bomb: 0
Final score 827 : 18 bomb: 0
Final score 828 : 24 bomb: 0
Final score 829 : 18 bomb: 0
Final score 830 : 16 bomb: 0
Final score 831 : 25 bomb: 0
Final score 832 : 21 bomb: 0
Final score 833 : 22 bomb: 0
Final score 834 : 23 bomb: 0
Final score 835 : 22 bomb: 0
Final score 836 : 22 bomb: 0
Final score 837 : 22 bomb: 0
Final score 838 : 22 bomb: 0
Final score 839 : 21 bomb: 1
Final score 840 : 23 bomb: 0
Final score 841 : 22 bomb: 0
Final score 842 : 23 bomb: 0
Final score 843 : 18 bomb: 0
Final score 844 : 19 bomb: 0
Final score 845 : 20 bomb: 0
Final score 846 : 23 bomb: 0
Final score 847 : 22 bomb: 0
Final score 848 : 24 bomb: 0
Final score 849 : 21 bomb: 0
Final score 850 : 20 bomb: 0
Final score 851 : 21 bomb: 0
Final score 852 : 17 bomb: 0
Final score 853 : 16 bomb: 0
Final score 854 : 17 bomb: 0
Final score 855 : 24 bomb: 0
Final score 856 : 21 bomb: 0
Final score 857 : 23 bomb: 0
Final score 858 : 17 bomb: 0
Final score 859 : 18 bomb: 0
Final score 860 : 18 bomb: 0
Final score 861 : 16 bomb: 0
Final score 862 : 19 bomb: 0
Final score 863 : 19 bomb: 0
Final score 864 : 23 bomb: 0
Final score 865 : 18 bomb: 0
Final score 866 : 22 bomb: 0
Final score 867 : 22 bomb: 0
Final score 868 : 23 bomb: 0
Final score 869 : 20 bomb: 0
Final score 870 : 17 bomb: 0
Final score 871 : 22 bomb: 0
Final score 872 : 21 bomb: 0
Final score 873 : 23 bomb: 0
Final score 874 : 22 bomb: 0
Final score 875 : 14 bomb: 0
Final score 876 : 19 bomb: 0
Final score 877 : 19 bomb: 0
Final score 878 : 23 bomb: 0
Final score 879 : 21 bomb: 0
Final score 880 : 23 bomb: 0
Final score 881 : 20 bomb: 0
Final score 882 : 24 bomb: 0
Final score 883 : 23 bomb: 0
Final score 884 : 20 bomb: 0
Final score 885 : 21 bomb: 0
Final score 886 : 22 bomb: 0
Final score 887 : 22 bomb: 0
Final score 888 : 20 bomb: 0
Final score 889 : 24 bomb: 0
Final score 890 : 25 bomb: 0
Final score 891 : 22 bomb: 0
Final score 892 : 20 bomb: 0
Final score 893 : 24 bomb: 0
Final score 894 : 21 bomb: 0
Final score 895 : 20 bomb: 0
Final score 896 : 22 bomb: 0
Final score 897 : 20 bomb: 1
Final score 898 : 21 bomb: 0
Final score 899 : 20 bomb: 0
Final score 900 : 24 bomb: 0
Over 901 games, HolmesBot scored an average of 20.6437 points per game.
  5.21643 percent were perfect games.
  Mulligans used: 0 (54.273%); 1 (31.5205%); 2 (8.99001%); 3 (5.21643%).
Final score 901 : 24 bomb: 0
Final score 902 : 21 bomb: 0
Final score 903 : 21 bomb: 0
Final score 904 : 21 bomb: 0
Final score 905 : 22 bomb: 0
Final score 906 : 14 bomb: 0
Final score 907 : 24 bomb: 0
Final score 908 : 16 bomb: 1
Final score 909 : 22 bomb: 0
Final score 910 : 21 bomb: 1
Final score 911 : 16 bomb: 0
Final score 912 : 20 bomb: 0
Final score 913 : 18 bomb: 0
Final score 914 : 23 bomb: 0
Final score 915 : 16 bomb: 0
Final score 916 : 19 bomb: 0
Final score 917 : 19 bomb: 0
Final score 918 : 19 bomb: 0
Final score 919 : 20 bomb: 1
Final score 920 : 21 bomb: 0
Final score 921 : 20 bomb: 0
Final score 922 : 21 bomb: 0
Final score 923 : 23 bomb: 0
Final score 924 : 22 bomb: 0
Final score 925 : 21 bomb: 0
Final score 926 : 22 bomb: 0
Final score 927 : 13 bomb: 0
Final score 928 : 24 bomb: 0
Final score 929 : 17 bomb: 0
Final score 930 : 18 bomb: 0
Final score 931 : 21 bomb: 0
Final score 932 : 22 bomb: 0
Final score 933 : 15 bomb: 0
Final score 934 : 21 bomb: 0
Final score 935 : 22 bomb: 0
Final score 936 : 24 bomb: 0
Final score 937 : 19 bomb: 0
Final score 938 : 19 bomb: 0
Final score 939 : 19 bomb: 0
Final score 940 : 20 bomb: 0
Final score 941 : 23 bomb: 0
Final score 942 : 24 bomb: 0
Final score 943 : 20 bomb: 0
Final score 944 : 22 bomb: 0
Final score 945 : 24 bomb: 0
Final score 946 : 23 bomb: 0
Final score 947 : 15 bomb: 0
Final score 948 : 24 bomb: 0
Final score 949 : 22 bomb: 0
Final score 950 : 18 bomb: 0
Final score 951 : 22 bomb: 0
Final score 952 : 24 bomb: 0
Final score 953 : 23 bomb: 0
Final score 954 : 19 bomb: 0
Final score 955 : 22 bomb: 0
Final score 956 : 23 bomb: 0
Final score 957 : 23 bomb: 0
Final score 958 : 24 bomb: 0
Final score 959 : 19 bomb: 0
Final score 960 : 22 bomb: 0
Final score 961 : 22 bomb: 0
Final score 962 : 20 bomb: 0
Final score 963 : 23 bomb: 0
Final score 964 : 22 bomb: 0
Final score 965 : 20 bomb: 0
Final score 966 : 25 bomb: 0
Final score 967 : 24 bomb: 0
Final score 968 : 23 bomb: 0
Final score 969 : 17 bomb: 0
Final score 970 : 24 bomb: 0
Final score 971 : 20 bomb: 0
Final score 972 : 21 bomb: 0
Final score 973 : 15 bomb: 0
Final score 974 : 21 bomb: 0
Final score 975 : 19 bomb: 0
Final score 976 : 20 bomb: 1
Final score 977 : 23 bomb: 0
Final score 978 : 17 bomb: 0
Final score 979 : 20 bomb: 0
Final score 980 : 23 bomb: 0
Final score 981 : 21 bomb: 0
Final score 982 : 23 bomb: 0
Final score 983 : 14 bomb: 1
Final score 984 : 19 bomb: 0
Final score 985 : 18 bomb: 0
Final score 986 : 23 bomb: 0
Final score 987 : 20 bomb: 0
Final score 988 : 18 bomb: 0
Final score 989 : 22 bomb: 0
Final score 990 : 22 bomb: 0
Final score 991 : 18 bomb: 0
Final score 992 : 19 bomb: 0
Final score 993 : 20 bomb: 0
Final score 994 : 22 bomb: 0
Final score 995 : 21 bomb: 0
Final score 996 : 17 bomb: 1
Final score 997 : 21 bomb: 0
Final score 998 : 22 bomb: 0
Final score 999 : 22 bomb: 0
Over 1000 games, HolmesBot scored an average of 20.637 points per game.
  4.8 percent were perfect games.
  Mulligans used: 0 (54.7%); 1 (30.7%); 2 (9.3%); 3 (5.3%).