Registering torchbots...
--seed 472178661
Final score 0 : 23 bomb: 0
Over 1 games, SmartBot scored an average of 23 points per game.
Final score 1 : 25 bomb: 0
Final score 2 : 25 bomb: 0
Final score 3 : 22 bomb: 0
Final score 4 : 25 bomb: 0
Final score 5 : 25 bomb: 0
Final score 6 : 23 bomb: 0
Final score 7 : 25 bomb: 0
Final score 8 : 21 bomb: 0
Final score 9 : 23 bomb: 0
Final score 10 : 17 bomb: 0
Final score 11 : 25 bomb: 0
Final score 12 : 25 bomb: 0
Final score 13 : 22 bomb: 0
Final score 14 : 23 bomb: 0
Final score 15 : 21 bomb: 0
Final score 16 : 23 bomb: 0
Final score 17 : 25 bomb: 0
Final score 18 : 25 bomb: 0
Final score 19 : 21 bomb: 0
Final score 20 : 21 bomb: 0
Final score 21 : 25 bomb: 0
Final score 22 : 25 bomb: 0
Final score 23 : 25 bomb: 0
Final score 24 : 23 bomb: 0
Final score 25 : 25 bomb: 0
Final score 26 : 23 bomb: 0
Final score 27 : 22 bomb: 0
Final score 28 : 25 bomb: 0
Final score 29 : 24 bomb: 0
Final score 30 : 24 bomb: 0
Final score 31 : 25 bomb: 0
Final score 32 : 22 bomb: 0
Final score 33 : 22 bomb: 0
Final score 34 : 24 bomb: 0
Final score 35 : 22 bomb: 0
Final score 36 : 25 bomb: 0
Final score 37 : 25 bomb: 0
Final score 38 : 25 bomb: 0
Final score 39 : 24 bomb: 0
Final score 40 : 20 bomb: 0
Final score 41 : 20 bomb: 0
Final score 42 : 23 bomb: 0
Final score 43 : 24 bomb: 0
Final score 44 : 25 bomb: 0
Final score 45 : 23 bomb: 0
Final score 46 : 23 bomb: 0
Final score 47 : 24 bomb: 0
Final score 48 : 22 bomb: 0
Final score 49 : 23 bomb: 0
Final score 50 : 22 bomb: 0
Final score 51 : 21 bomb: 0
Final score 52 : 24 bomb: 0
Final score 53 : 25 bomb: 0
Final score 54 : 24 bomb: 0
Final score 55 : 20 bomb: 0
Final score 56 : 22 bomb: 0
Final score 57 : 23 bomb: 0
Final score 58 : 23 bomb: 0
Final score 59 : 25 bomb: 0
Final score 60 : 21 bomb: 0
Final score 61 : 20 bomb: 0
Final score 62 : 24 bomb: 0
Final score 63 : 22 bomb: 0
Final score 64 : 24 bomb: 0
Final score 65 : 25 bomb: 0
Final score 66 : 22 bomb: 0
Final score 67 : 19 bomb: 0
Final score 68 : 20 bomb: 0
Final score 69 : 25 bomb: 0
Final score 70 : 22 bomb: 0
Final score 71 : 25 bomb: 0
Final score 72 : 25 bomb: 0
Final score 73 : 24 bomb: 0
Final score 74 : 22 bomb: 0
Final score 75 : 21 bomb: 0
Final score 76 : 25 bomb: 0
Final score 77 : 23 bomb: 0
Final score 78 : 23 bomb: 0
Final score 79 : 19 bomb: 0
Final score 80 : 20 bomb: 1
Final score 81 : 25 bomb: 0
Final score 82 : 24 bomb: 0
Final score 83 : 22 bomb: 0
Final score 84 : 22 bomb: 0
Final score 85 : 23 bomb: 0
Final score 86 : 24 bomb: 0
Final score 87 : 21 bomb: 0
Final score 88 : 25 bomb: 0
Final score 89 : 22 bomb: 0
Final score 90 : 24 bomb: 0
Final score 91 : 22 bomb: 0
Final score 92 : 23 bomb: 0
Final score 93 : 24 bomb: 0
Final score 94 : 22 bomb: 0
Final score 95 : 22 bomb: 0
Final score 96 : 25 bomb: 0
Final score 97 : 22 bomb: 0
Final score 98 : 23 bomb: 0
Final score 99 : 25 bomb: 0
Final score 100 : 25 bomb: 0
Over 101 games, SmartBot scored an average of 23.0891 points per game.
  30.6931 percent were perfect games.
  Mulligans used: 0 (47.5248%); 1 (35.6436%); 2 (15.8416%); 3 (0.990099%).
Final score 101 : 24 bomb: 0
Final score 102 : 19 bomb: 1
Final score 103 : 23 bomb: 0
Final score 104 : 25 bomb: 0
Final score 105 : 22 bomb: 0
Final score 106 : 22 bomb: 0
Final score 107 : 25 bomb: 0
Final score 108 : 22 bomb: 0
Final score 109 : 21 bomb: 0
Final score 110 : 24 bomb: 0
Final score 111 : 25 bomb: 0
Final score 112 : 23 bomb: 0
Final score 113 : 23 bomb: 0
Final score 114 : 25 bomb: 0
Final score 115 : 22 bomb: 0
Final score 116 : 24 bomb: 0
Final score 117 : 24 bomb: 0
Final score 118 : 25 bomb: 0
Final score 119 : 22 bomb: 0
Final score 120 : 24 bomb: 0
Final score 121 : 24 bomb: 0
Final score 122 : 25 bomb: 0
Final score 123 : 22 bomb: 0
Final score 124 : 19 bomb: 0
Final score 125 : 22 bomb: 0
Final score 126 : 25 bomb: 0
Final score 127 : 23 bomb: 0
Final score 128 : 20 bomb: 0
Final score 129 : 23 bomb: 0
Final score 130 : 25 bomb: 0
Final score 131 : 22 bomb: 0
Final score 132 : 25 bomb: 0
Final score 133 : 21 bomb: 0
Final score 134 : 21 bomb: 0
Final score 135 : 23 bomb: 0
Final score 136 : 23 bomb: 0
Final score 137 : 22 bomb: 0
Final score 138 : 25 bomb: 0
Final score 139 : 23 bomb: 0
Final score 140 : 25 bomb: 0
Final score 141 : 25 bomb: 0
Final score 142 : 23 bomb: 0
Final score 143 : 21 bomb: 0
Final score 144 : 24 bomb: 0
Final score 145 : 22 bomb: 0
Final score 146 : 24 bomb: 0
Final score 147 : 24 bomb: 0
Final score 148 : 20 bomb: 0
Final score 149 : 25 bomb: 0
Final score 150 : 24 bomb: 0
Final score 151 : 23 bomb: 0
Final score 152 : 25 bomb: 0
Final score 153 : 22 bomb: 0
Final score 154 : 24 bomb: 0
Final score 155 : 24 bomb: 0
Final score 156 : 22 bomb: 0
Final score 157 : 24 bomb: 0
Final score 158 : 22 bomb: 0
Final score 159 : 21 bomb: 0
Final score 160 : 19 bomb: 0
Final score 161 : 24 bomb: 0
Final score 162 : 21 bomb: 0
Final score 163 : 24 bomb: 0
Final score 164 : 24 bomb: 0
Final score 165 : 22 bomb: 0
Final score 166 : 22 bomb: 0
Final score 167 : 20 bomb: 0
Final score 168 : 25 bomb: 0
Final score 169 : 25 bomb: 0
Final score 170 : 23 bomb: 0
Final score 171 : 25 bomb: 0
Final score 172 : 22 bomb: 0
Final score 173 : 23 bomb: 0
Final score 174 : 25 bomb: 0
Final score 175 : 22 bomb: 0
Final score 176 : 23 bomb: 0
Final score 177 : 23 bomb: 0
Final score 178 : 22 bomb: 0
Final score 179 : 24 bomb: 0
Final score 180 : 25 bomb: 0
Final score 181 : 23 bomb: 0
Final score 182 : 24 bomb: 0
Final score 183 : 25 bomb: 0
Final score 184 : 25 bomb: 0
Final score 185 : 25 bomb: 0
Final score 186 : 21 bomb: 0
Final score 187 : 24 bomb: 0
Final score 188 : 25 bomb: 0
Final score 189 : 23 bomb: 0
Final score 190 : 25 bomb: 0
Final score 191 : 24 bomb: 0
Final score 192 : 24 bomb: 0
Final score 193 : 24 bomb: 0
Final score 194 : 22 bomb: 0
Final score 195 : 21 bomb: 0
Final score 196 : 23 bomb: 0
Final score 197 : 22 bomb: 0
Final score 198 : 22 bomb: 0
Final score 199 : 22 bomb: 0
Final score 200 : 24 bomb: 0
Over 201 games, SmartBot scored an average of 23.1045 points per game.
  27.3632 percent were perfect games.
  Mulligans used: 0 (47.2637%); 1 (37.8109%); 2 (13.9303%); 3 (0.995025%).
Final score 201 : 22 bomb: 0
Final score 202 : 20 bomb: 0
Final score 203 : 25 bomb: 0
Final score 204 : 25 bomb: 0
Final score 205 : 21 bomb: 0
Final score 206 : 20 bomb: 0
Final score 207 : 17 bomb: 0
Final score 208 : 24 bomb: 0
Final score 209 : 20 bomb: 0
Final score 210 : 24 bomb: 0
Final score 211 : 21 bomb: 0
Final score 212 : 21 bomb: 0
Final score 213 : 24 bomb: 0
Final score 214 : 25 bomb: 0
Final score 215 : 25 bomb: 0
Final score 216 : 25 bomb: 0
Final score 217 : 21 bomb: 0
Final score 218 : 25 bomb: 0
Final score 219 : 24 bomb: 0
Final score 220 : 25 bomb: 0
Final score 221 : 20 bomb: 0
Final score 222 : 24 bomb: 0
Final score 223 : 25 bomb: 0
Final score 224 : 25 bomb: 0
Final score 225 : 23 bomb: 0
Final score 226 : 24 bomb: 0
Final score 227 : 24 bomb: 0
Final score 228 : 25 bomb: 0
Final score 229 : 24 bomb: 0
Final score 230 : 25 bomb: 0
Final score 231 : 21 bomb: 0
Final score 232 : 23 bomb: 0
Final score 233 : 20 bomb: 0
Final score 234 : 25 bomb: 0
Final score 235 : 25 bomb: 0
Final score 236 : 23 bomb: 0
Final score 237 : 23 bomb: 0
Final score 238 : 25 bomb: 0
Final score 239 : 25 bomb: 0
Final score 240 : 23 bomb: 0
Final score 241 : 23 bomb: 0
Final score 242 : 20 bomb: 0
Final score 243 : 23 bomb: 0
Final score 244 : 25 bomb: 0
Final score 245 : 25 bomb: 0
Final score 246 : 22 bomb: 0
Final score 247 : 25 bomb: 0
Final score 248 : 21 bomb: 0
Final score 249 : 24 bomb: 0
Final score 250 : 25 bomb: 0
Final score 251 : 20 bomb: 0
Final score 252 : 23 bomb: 0
Final score 253 : 19 bomb: 0
Final score 254 : 20 bomb: 0
Final score 255 : 25 bomb: 0
Final score 256 : 22 bomb: 0
Final score 257 : 23 bomb: 0
Final score 258 : 18 bomb: 0
Final score 259 : 24 bomb: 0
Final score 260 : 24 bomb: 0
Final score 261 : 19 bomb: 0
Final score 262 : 24 bomb: 0
Final score 263 : 24 bomb: 0
Final score 264 : 24 bomb: 0
Final score 265 : 23 bomb: 0
Final score 266 : 21 bomb: 0
Final score 267 : 25 bomb: 0
Final score 268 : 17 bomb: 0
Final score 269 : 25 bomb: 0
Final score 270 : 25 bomb: 0
Final score 271 : 21 bomb: 0
Final score 272 : 22 bomb: 0
Final score 273 : 25 bomb: 0
Final score 274 : 25 bomb: 0
Final score 275 : 24 bomb: 0
Final score 276 : 25 bomb: 0
Final score 277 : 20 bomb: 0
Final score 278 : 20 bomb: 0
Final score 279 : 21 bomb: 0
Final score 280 : 22 bomb: 0
Final score 281 : 24 bomb: 0
Final score 282 : 25 bomb: 0
Final score 283 : 22 bomb: 0
Final score 284 : 22 bomb: 0
Final score 285 : 25 bomb: 0
Final score 286 : 21 bomb: 0
Final score 287 : 25 bomb: 0
Final score 288 : 22 bomb: 0
Final score 289 : 24 bomb: 0
Final score 290 : 25 bomb: 0
Final score 291 : 25 bomb: 0
Final score 292 : 25 bomb: 0
Final score 293 : 21 bomb: 0
Final score 294 : 21 bomb: 0
Final score 295 : 17 bomb: 0
Final score 296 : 25 bomb: 0
Final score 297 : 24 bomb: 0
Final score 298 : 24 bomb: 0
Final score 299 : 25 bomb: 0
Final score 300 : 25 bomb: 0
Over 301 games, SmartBot scored an average of 23.0565 points per game.
  29.9003 percent were perfect games.
  Mulligans used: 0 (47.8405%); 1 (38.5382%); 2 (12.9568%); 3 (0.664452%).
Final score 301 : 24 bomb: 0
Final score 302 : 21 bomb: 0
Final score 303 : 24 bomb: 0
Final score 304 : 22 bomb: 0
Final score 305 : 25 bomb: 0
Final score 306 : 23 bomb: 0
Final score 307 : 21 bomb: 0
Final score 308 : 23 bomb: 0
Final score 309 : 24 bomb: 0
Final score 310 : 25 bomb: 0
Final score 311 : 24 bomb: 0
Final score 312 : 23 bomb: 0
Final score 313 : 22 bomb: 0
Final score 314 : 24 bomb: 0
Final score 315 : 24 bomb: 0
Final score 316 : 22 bomb: 0
Final score 317 : 25 bomb: 0
Final score 318 : 25 bomb: 0
Final score 319 : 25 bomb: 0
Final score 320 : 23 bomb: 0
Final score 321 : 23 bomb: 0
Final score 322 : 23 bomb: 0
Final score 323 : 25 bomb: 0
Final score 324 : 24 bomb: 0
Final score 325 : 25 bomb: 0
Final score 326 : 20 bomb: 0
Final score 327 : 25 bomb: 0
Final score 328 : 23 bomb: 0
Final score 329 : 25 bomb: 0
Final score 330 : 25 bomb: 0
Final score 331 : 23 bomb: 0
Final score 332 : 21 bomb: 0
Final score 333 : 24 bomb: 0
Final score 334 : 25 bomb: 0
Final score 335 : 22 bomb: 0
Final score 336 : 24 bomb: 0
Final score 337 : 25 bomb: 0
Final score 338 : 24 bomb: 0
Final score 339 : 22 bomb: 0
Final score 340 : 24 bomb: 0
Final score 341 : 20 bomb: 0
Final score 342 : 22 bomb: 0
Final score 343 : 24 bomb: 0
Final score 344 : 24 bomb: 0
Final score 345 : 23 bomb: 0
Final score 346 : 21 bomb: 0
Final score 347 : 22 bomb: 0
Final score 348 : 21 bomb: 0
Final score 349 : 24 bomb: 0
Final score 350 : 25 bomb: 0
Final score 351 : 25 bomb: 0
Final score 352 : 25 bomb: 0
Final score 353 : 25 bomb: 0
Final score 354 : 23 bomb: 0
Final score 355 : 24 bomb: 0
Final score 356 : 25 bomb: 0
Final score 357 : 24 bomb: 0
Final score 358 : 19 bomb: 0
Final score 359 : 24 bomb: 0
Final score 360 : 25 bomb: 0
Final score 361 : 18 bomb: 0
Final score 362 : 25 bomb: 0
Final score 363 : 25 bomb: 0
Final score 364 : 25 bomb: 0
Final score 365 : 21 bomb: 0
Final score 366 : 24 bomb: 0
Final score 367 : 24 bomb: 0
Final score 368 : 22 bomb: 0
Final score 369 : 24 bomb: 0
Final score 370 : 20 bomb: 0
Final score 371 : 25 bomb: 0
Final score 372 : 25 bomb: 0
Final score 373 : 25 bomb: 0
Final score 374 : 25 bomb: 0
Final score 375 : 23 bomb: 0
Final score 376 : 23 bomb: 0
Final score 377 : 25 bomb: 0
Final score 378 : 23 bomb: 0
Final score 379 : 22 bomb: 0
Final score 380 : 23 bomb: 0
Final score 381 : 25 bomb: 0
Final score 382 : 25 bomb: 0
Final score 383 : 22 bomb: 0
Final score 384 : 24 bomb: 0
Final score 385 : 23 bomb: 0
Final score 386 : 25 bomb: 0
Final score 387 : 22 bomb: 0
Final score 388 : 20 bomb: 0
Final score 389 : 23 bomb: 0
Final score 390 : 25 bomb: 0
Final score 391 : 25 bomb: 0
Final score 392 : 20 bomb: 0
Final score 393 : 24 bomb: 0
Final score 394 : 23 bomb: 0
Final score 395 : 22 bomb: 0
Final score 396 : 18 bomb: 0
Final score 397 : 24 bomb: 0
Final score 398 : 25 bomb: 0
Final score 399 : 22 bomb: 0
Final score 400 : 22 bomb: 0
Over 401 games, SmartBot scored an average of 23.1222 points per game.
  30.4239 percent were perfect games.
  Mulligans used: 0 (48.1297%); 1 (38.6534%); 2 (12.7182%); 3 (0.498753%).
Final score 401 : 25 bomb: 0
Final score 402 : 24 bomb: 0
Final score 403 : 22 bomb: 0
Final score 404 : 19 bomb: 0
Final score 405 : 24 bomb: 0
Final score 406 : 25 bomb: 0
Final score 407 : 21 bomb: 0
Final score 408 : 20 bomb: 0
Final score 409 : 22 bomb: 0
Final score 410 : 25 bomb: 0
Final score 411 : 20 bomb: 0
Final score 412 : 23 bomb: 0
Final score 413 : 19 bomb: 0
Final score 414 : 25 bomb: 0
Final score 415 : 22 bomb: 0
Final score 416 : 23 bomb: 0
Final score 417 : 25 bomb: 0
Final score 418 : 22 bomb: 0
Final score 419 : 22 bomb: 0
Final score 420 : 23 bomb: 0
Final score 421 : 22 bomb: 0
Final score 422 : 25 bomb: 0
Final score 423 : 24 bomb: 0
Final score 424 : 25 bomb: 0
Final score 425 : 23 bomb: 0
Final score 426 : 24 bomb: 0
Final score 427 : 23 bomb: 0
Final score 428 : 24 bomb: 0
Final score 429 : 18 bomb: 0
Final score 430 : 20 bomb: 0
Final score 431 : 24 bomb: 0
Final score 432 : 24 bomb: 0
Final score 433 : 23 bomb: 0
Final score 434 : 24 bomb: 0
Final score 435 : 23 bomb: 0
Final score 436 : 25 bomb: 0
Final score 437 : 22 bomb: 0
Final score 438 : 21 bomb: 0
Final score 439 : 25 bomb: 0
Final score 440 : 21 bomb: 0
Final score 441 : 23 bomb: 0
Final score 442 : 24 bomb: 0
Final score 443 : 25 bomb: 0
Final score 444 : 23 bomb: 0
Final score 445 : 21 bomb: 0
Final score 446 : 22 bomb: 0
Final score 447 : 22 bomb: 0
Final score 448 : 25 bomb: 0
Final score 449 : 20 bomb: 1
Final score 450 : 22 bomb: 0
Final score 451 : 24 bomb: 0
Final score 452 : 23 bomb: 0
Final score 453 : 25 bomb: 0
Final score 454 : 25 bomb: 0
Final score 455 : 24 bomb: 0
Final score 456 : 19 bomb: 0
Final score 457 : 25 bomb: 0
Final score 458 : 25 bomb: 0
Final score 459 : 24 bomb: 0
Final score 460 : 21 bomb: 0
Final score 461 : 23 bomb: 0
Final score 462 : 19 bomb: 0
Final score 463 : 23 bomb: 0
Final score 464 : 21 bomb: 0
Final score 465 : 25 bomb: 0
Final score 466 : 22 bomb: 0
Final score 467 : 20 bomb: 0
Final score 468 : 25 bomb: 0
Final score 469 : 22 bomb: 0
Final score 470 : 25 bomb: 0
Final score 471 : 25 bomb: 0
Final score 472 : 24 bomb: 0
Final score 473 : 25 bomb: 0
Final score 474 : 23 bomb: 0
Final score 475 : 25 bomb: 0
Final score 476 : 24 bomb: 0
Final score 477 : 25 bomb: 0
Final score 478 : 23 bomb: 0
Final score 479 : 22 bomb: 0
Final score 480 : 21 bomb: 0
Final score 481 : 23 bomb: 0
Final score 482 : 22 bomb: 0
Final score 483 : 24 bomb: 0
Final score 484 : 19 bomb: 0
Final score 485 : 24 bomb: 0
Final score 486 : 25 bomb: 0
Final score 487 : 21 bomb: 0
Final score 488 : 19 bomb: 0
Final score 489 : 21 bomb: 0
Final score 490 : 23 bomb: 0
Final score 491 : 24 bomb: 0
Final score 492 : 23 bomb: 0
Final score 493 : 23 bomb: 0
Final score 494 : 21 bomb: 0
Final score 495 : 22 bomb: 0
Final score 496 : 25 bomb: 0
Final score 497 : 25 bomb: 0
Final score 498 : 25 bomb: 0
Final score 499 : 25 bomb: 0
Final score 500 : 24 bomb: 0
Over 501 games, SmartBot scored an average of 23.0838 points per game.
  29.7405 percent were perfect games.
  Mulligans used: 0 (49.1018%); 1 (36.9261%); 2 (13.3733%); 3 (0.598802%).
Final score 501 : 24 bomb: 0
Final score 502 : 24 bomb: 0
Final score 503 : 25 bomb: 0
Final score 504 : 22 bomb: 0
Final score 505 : 23 bomb: 0
Final score 506 : 22 bomb: 0
Final score 507 : 21 bomb: 0
Final score 508 : 21 bomb: 0
Final score 509 : 24 bomb: 0
Final score 510 : 24 bomb: 0
Final score 511 : 25 bomb: 0
Final score 512 : 25 bomb: 0
Final score 513 : 24 bomb: 0
Final score 514 : 24 bomb: 0
Final score 515 : 22 bomb: 0
Final score 516 : 18 bomb: 0
Final score 517 : 22 bomb: 0
Final score 518 : 22 bomb: 0
Final score 519 : 25 bomb: 0
Final score 520 : 25 bomb: 0
Final score 521 : 25 bomb: 0
Final score 522 : 25 bomb: 0
Final score 523 : 22 bomb: 0
Final score 524 : 25 bomb: 0
Final score 525 : 24 bomb: 0
Final score 526 : 23 bomb: 0
Final score 527 : 25 bomb: 0
Final score 528 : 24 bomb: 0
Final score 529 : 24 bomb: 0
Final score 530 : 22 bomb: 0
Final score 531 : 22 bomb: 0
Final score 532 : 25 bomb: 0
Final score 533 : 24 bomb: 0
Final score 534 : 17 bomb: 0
Final score 535 : 25 bomb: 0
Final score 536 : 25 bomb: 0
Final score 537 : 24 bomb: 0
Final score 538 : 22 bomb: 0
Final score 539 : 21 bomb: 0
Final score 540 : 23 bomb: 0
Final score 541 : 23 bomb: 0
Final score 542 : 20 bomb: 0
Final score 543 : 25 bomb: 0
Final score 544 : 25 bomb: 0
Final score 545 : 24 bomb: 0
Final score 546 : 25 bomb: 0
Final score 547 : 22 bomb: 0
Final score 548 : 24 bomb: 0
Final score 549 : 23 bomb: 0
Final score 550 : 22 bomb: 0
Final score 551 : 23 bomb: 0
Final score 552 : 24 bomb: 0
Final score 553 : 25 bomb: 0
Final score 554 : 21 bomb: 0
Final score 555 : 25 bomb: 0
Final score 556 : 23 bomb: 0
Final score 557 : 21 bomb: 0
Final score 558 : 25 bomb: 0
Final score 559 : 20 bomb: 0
Final score 560 : 25 bomb: 0
Final score 561 : 22 bomb: 0
Final score 562 : 23 bomb: 0
Final score 563 : 22 bomb: 0
Final score 564 : 25 bomb: 0
Final score 565 : 25 bomb: 0
Final score 566 : 24 bomb: 0
Final score 567 : 23 bomb: 0
Final score 568 : 25 bomb: 0
Final score 569 : 22 bomb: 0
Final score 570 : 25 bomb: 0
Final score 571 : 24 bomb: 0
Final score 572 : 18 bomb: 0
Final score 573 : 25 bomb: 0
Final score 574 : 25 bomb: 0
Final score 575 : 18 bomb: 0
Final score 576 : 22 bomb: 0
Final score 577 : 23 bomb: 0
Final score 578 : 19 bomb: 0
Final score 579 : 22 bomb: 0
Final score 580 : 21 bomb: 0
Final score 581 : 24 bomb: 0
Final score 582 : 20 bomb: 0
Final score 583 : 22 bomb: 0
Final score 584 : 21 bomb: 0
Final score 585 : 25 bomb: 0
Final score 586 : 24 bomb: 0
Final score 587 : 25 bomb: 0
Final score 588 : 23 bomb: 0
Final score 589 : 25 bomb: 0
Final score 590 : 24 bomb: 0
Final score 591 : 21 bomb: 0
Final score 592 : 20 bomb: 0
Final score 593 : 25 bomb: 0
Final score 594 : 20 bomb: 0
Final score 595 : 24 bomb: 0
Final score 596 : 25 bomb: 0
Final score 597 : 23 bomb: 0
Final score 598 : 25 bomb: 0
Final score 599 : 19 bomb: 0
Final score 600 : 23 bomb: 0
Over 601 games, SmartBot scored an average of 23.0782 points per game.
  29.9501 percent were perfect games.
  Mulligans used: 0 (50.0832%); 1 (36.2729%); 2 (13.1448%); 3 (0.499168%).
Final score 601 : 22 bomb: 0
Final score 602 : 22 bomb: 0
Final score 603 : 24 bomb: 0
Final score 604 : 21 bomb: 0
Final score 605 : 20 bomb: 0
Final score 606 : 23 bomb: 0
Final score 607 : 23 bomb: 0
Final score 608 : 25 bomb: 0
Final score 609 : 25 bomb: 0
Final score 610 : 24 bomb: 0
Final score 611 : 25 bomb: 0
Final score 612 : 25 bomb: 0
Final score 613 : 24 bomb: 0
Final score 614 : 21 bomb: 0
Final score 615 : 25 bomb: 0
Final score 616 : 23 bomb: 0
Final score 617 : 23 bomb: 0
Final score 618 : 22 bomb: 0
Final score 619 : 25 bomb: 0
Final score 620 : 21 bomb: 0
Final score 621 : 24 bomb: 0
Final score 622 : 23 bomb: 0
Final score 623 : 21 bomb: 0
Final score 624 : 25 bomb: 0
Final score 625 : 25 bomb: 0
Final score 626 : 23 bomb: 0
Final score 627 : 25 bomb: 0
Final score 628 : 20 bomb: 0
Final score 629 : 24 bomb: 0
Final score 630 : 23 bomb: 0
Final score 631 : 25 bomb: 0
Final score 632 : 24 bomb: 0
Final score 633 : 24 bomb: 0
Final score 634 : 25 bomb: 0
Final score 635 : 24 bomb: 0
Final score 636 : 24 bomb: 0
Final score 637 : 25 bomb: 0
Final score 638 : 25 bomb: 0
Final score 639 : 24 bomb: 0
Final score 640 : 23 bomb: 0
Final score 641 : 17 bomb: 0
Final score 642 : 22 bomb: 0
Final score 643 : 19 bomb: 0
Final score 644 : 17 bomb: 0
Final score 645 : 24 bomb: 0
Final score 646 : 23 bomb: 0
Final score 647 : 21 bomb: 0
Final score 648 : 22 bomb: 0
Final score 649 : 21 bomb: 0
Final score 650 : 25 bomb: 0
Final score 651 : 24 bomb: 0
Final score 652 : 24 bomb: 0
Final score 653 : 18 bomb: 0
Final score 654 : 19 bomb: 0
Final score 655 : 25 bomb: 0
Final score 656 : 23 bomb: 0
Final score 657 : 23 bomb: 0
Final score 658 : 24 bomb: 0
Final score 659 : 22 bomb: 0
Final score 660 : 23 bomb: 0
Final score 661 : 24 bomb: 0
Final score 662 : 23 bomb: 0
Final score 663 : 23 bomb: 0
Final score 664 : 24 bomb: 0
Final score 665 : 23 bomb: 0
Final score 666 : 22 bomb: 0
Final score 667 : 25 bomb: 0
Final score 668 : 22 bomb: 0
Final score 669 : 25 bomb: 0
Final score 670 : 24 bomb: 0
Final score 671 : 23 bomb: 0
Final score 672 : 25 bomb: 0
Final score 673 : 21 bomb: 0
Final score 674 : 22 bomb: 0
Final score 675 : 25 bomb: 0
Final score 676 : 25 bomb: 0
Final score 677 : 18 bomb: 0
Final score 678 : 25 bomb: 0
Final score 679 : 25 bomb: 0
Final score 680 : 23 bomb: 0
Final score 681 : 21 bomb: 0
Final score 682 : 25 bomb: 0
Final score 683 : 24 bomb: 0
Final score 684 : 25 bomb: 0
Final score 685 : 22 bomb: 0
Final score 686 : 24 bomb: 0
Final score 687 : 24 bomb: 0
Final score 688 : 25 bomb: 0
Final score 689 : 24 bomb: 0
Final score 690 : 22 bomb: 0
Final score 691 : 20 bomb: 0
Final score 692 : 22 bomb: 0
Final score 693 : 22 bomb: 0
Final score 694 : 18 bomb: 1
Final score 695 : 25 bomb: 0
Final score 696 : 23 bomb: 0
Final score 697 : 21 bomb: 0
Final score 698 : 17 bomb: 0
Final score 699 : 24 bomb: 0
Final score 700 : 24 bomb: 0
Over 701 games, SmartBot scored an average of 23.0585 points per game.
  29.3866 percent were perfect games.
  Mulligans used: 0 (48.9301%); 1 (36.6619%); 2 (13.8374%); 3 (0.570613%).
Final score 701 : 21 bomb: 0
Final score 702 : 23 bomb: 0
Final score 703 : 25 bomb: 0
Final score 704 : 25 bomb: 0
Final score 705 : 22 bomb: 0
Final score 706 : 22 bomb: 0
Final score 707 : 25 bomb: 0
Final score 708 : 22 bomb: 0
Final score 709 : 25 bomb: 0
Final score 710 : 23 bomb: 0
Final score 711 : 22 bomb: 0
Final score 712 : 18 bomb: 0
Final score 713 : 24 bomb: 0
Final score 714 : 24 bomb: 0
Final score 715 : 21 bomb: 0
Final score 716 : 18 bomb: 0
Final score 717 : 24 bomb: 0
Final score 718 : 23 bomb: 0
Final score 719 : 24 bomb: 0
Final score 720 : 23 bomb: 0
Final score 721 : 24 bomb: 0
Final score 722 : 25 bomb: 0
Final score 723 : 21 bomb: 0
Final score 724 : 24 bomb: 0
Final score 725 : 22 bomb: 0
Final score 726 : 24 bomb: 0
Final score 727 : 23 bomb: 0
Final score 728 : 24 bomb: 0
Final score 729 : 25 bomb: 0
Final score 730 : 19 bomb: 0
Final score 731 : 22 bomb: 0
Final score 732 : 25 bomb: 0
Final score 733 : 25 bomb: 0
Final score 734 : 20 bomb: 0
Final score 735 : 24 bomb: 0
Final score 736 : 24 bomb: 0
Final score 737 : 23 bomb: 0
Final score 738 : 22 bomb: 0
Final score 739 : 22 bomb: 0
Final score 740 : 25 bomb: 0
Final score 741 : 22 bomb: 0
Final score 742 : 18 bomb: 0
Final score 743 : 22 bomb: 0
Final score 744 : 25 bomb: 0
Final score 745 : 23 bomb: 0
Final score 746 : 25 bomb: 0
Final score 747 : 20 bomb: 0
Final score 748 : 23 bomb: 0
Final score 749 : 24 bomb: 0
Final score 750 : 22 bomb: 0
Final score 751 : 25 bomb: 0
Final score 752 : 23 bomb: 0
Final score 753 : 20 bomb: 0
Final score 754 : 18 bomb: 0
Final score 755 : 21 bomb: 0
Final score 756 : 20 bomb: 0
Final score 757 : 21 bomb: 0
Final score 758 : 23 bomb: 0
Final score 759 : 25 bomb: 0
Final score 760 : 22 bomb: 0
Final score 761 : 19 bomb: 0
Final score 762 : 25 bomb: 0
Final score 763 : 24 bomb: 0
Final score 764 : 22 bomb: 0
Final score 765 : 24 bomb: 0
Final score 766 : 25 bomb: 0
Final score 767 : 23 bomb: 0
Final score 768 : 21 bomb: 0
Final score 769 : 25 bomb: 0
Final score 770 : 23 bomb: 0
Final score 771 : 24 bomb: 0
Final score 772 : 25 bomb: 0
Final score 773 : 23 bomb: 0
Final score 774 : 22 bomb: 0
Final score 775 : 22 bomb: 0
Final score 776 : 23 bomb: 0
Final score 777 : 20 bomb: 0
Final score 778 : 23 bomb: 0
Final score 779 : 22 bomb: 0
Final score 780 : 22 bomb: 0
Final score 781 : 22 bomb: 0
Final score 782 : 24 bomb: 0
Final score 783 : 24 bomb: 0
Final score 784 : 23 bomb: 0
Final score 785 : 24 bomb: 0
Final score 786 : 24 bomb: 0
Final score 787 : 19 bomb: 0
Final score 788 : 25 bomb: 0
Final score 789 : 22 bomb: 0
Final score 790 : 24 bomb: 0
Final score 791 : 23 bomb: 0
Final score 792 : 25 bomb: 0
Final score 793 : 23 bomb: 0
Final score 794 : 23 bomb: 0
Final score 795 : 21 bomb: 0
Final score 796 : 24 bomb: 0
Final score 797 : 21 bomb: 0
Final score 798 : 23 bomb: 0
Final score 799 : 24 bomb: 0
Final score 800 : 22 bomb: 0
Over 801 games, SmartBot scored an average of 23.0212 points per game.
  28.0899 percent were perfect games.
  Mulligans used: 0 (48.814%); 1 (36.4544%); 2 (14.2322%); 3 (0.499376%).
Final score 801 : 21 bomb: 0
Final score 802 : 24 bomb: 0
Final score 803 : 22 bomb: 0
Final score 804 : 21 bomb: 0
Final score 805 : 25 bomb: 0
Final score 806 : 24 bomb: 0
Final score 807 : 23 bomb: 0
Final score 808 : 24 bomb: 0
Final score 809 : 23 bomb: 0
Final score 810 : 24 bomb: 0
Final score 811 : 24 bomb: 0
Final score 812 : 25 bomb: 0
Final score 813 : 22 bomb: 0
Final score 814 : 25 bomb: 0
Final score 815 : 21 bomb: 0
Final score 816 : 22 bomb: 0
Final score 817 : 25 bomb: 0
Final score 818 : 25 bomb: 0
Final score 819 : 25 bomb: 0
Final score 820 : 22 bomb: 1
Final score 821 : 22 bomb: 0
Final score 822 : 23 bomb: 0
Final score 823 : 22 bomb: 0
Final score 824 : 22 bomb: 0
Final score 825 : 20 bomb: 0
Final score 826 : 25 bomb: 0
Final score 827 : 22 bomb: 0
Final score 828 : 25 bomb: 0
Final score 829 : 25 bomb: 0
Final score 830 : 20 bomb: 0
Final score 831 : 25 bomb: 0
Final score 832 : 24 bomb: 0
Final score 833 : 22 bomb: 0
Final score 834 : 23 bomb: 0
Final score 835 : 25 bomb: 0
Final score 836 : 25 bomb: 0
Final score 837 : 22 bomb: 0
Final score 838 : 25 bomb: 0
Final score 839 : 24 bomb: 0
Final score 840 : 25 bomb: 0
Final score 841 : 23 bomb: 0
Final score 842 : 21 bomb: 0
Final score 843 : 25 bomb: 0
Final score 844 : 23 bomb: 0
Final score 845 : 21 bomb: 0
Final score 846 : 22 bomb: 0
Final score 847 : 25 bomb: 0
Final score 848 : 24 bomb: 0
Final score 849 : 24 bomb: 0
Final score 850 : 21 bomb: 0
Final score 851 : 25 bomb: 0
Final score 852 : 25 bomb: 0
Final score 853 : 18 bomb: 0
Final score 854 : 25 bomb: 0
Final score 855 : 22 bomb: 0
Final score 856 : 24 bomb: 0
Final score 857 : 25 bomb: 0
Final score 858 : 21 bomb: 0
Final score 859 : 22 bomb: 0
Final score 860 : 25 bomb: 0
Final score 861 : 22 bomb: 0
Final score 862 : 25 bomb: 0
Final score 863 : 23 bomb: 0
Final score 864 : 25 bomb: 0
Final score 865 : 22 bomb: 0
Final score 866 : 24 bomb: 0
Final score 867 : 22 bomb: 0
Final score 868 : 25 bomb: 0
Final score 869 : 23 bomb: 0
Final score 870 : 21 bomb: 0
Final score 871 : 20 bomb: 0
Final score 872 : 25 bomb: 0
Final score 873 : 22 bomb: 0
Final score 874 : 25 bomb: 0
Final score 875 : 23 bomb: 0
Final score 876 : 24 bomb: 0
Final score 877 : 25 bomb: 0
Final score 878 : 20 bomb: 0
Final score 879 : 25 bomb: 0
Final score 880 : 22 bomb: 0
Final score 881 : 23 bomb: 0
Final score 882 : 25 bomb: 0
Final score 883 : 22 bomb: 0
Final score 884 : 21 bomb: 0
Final score 885 : 24 bomb: 0
Final score 886 : 25 bomb: 0
Final score 887 : 24 bomb: 0
Final score 888 : 25 bomb: 0
Final score 889 : 25 bomb: 0
Final score 890 : 25 bomb: 0
Final score 891 : 23 bomb: 0
Final score 892 : 25 bomb: 0
Final score 893 : 25 bomb: 0
Final score 894 : 25 bomb: 0
Final score 895 : 21 bomb: 0
Final score 896 : 25 bomb: 0
Final score 897 : 21 bomb: 0
Final score 898 : 25 bomb: 0
Final score 899 : 25 bomb: 0
Final score 900 : 18 bomb: 0
Over 901 games, SmartBot scored an average of 23.0511 points per game.
  29.3008 percent were perfect games.
  Mulligans used: 0 (49.2786%); 1 (36.182%); 2 (13.9845%); 3 (0.554939%).
Final score 901 : 25 bomb: 0
Final score 902 : 24 bomb: 0
Final score 903 : 23 bomb: 0
Final score 904 : 24 bomb: 0
Final score 905 : 25 bomb: 0
Final score 906 : 24 bomb: 0
Final score 907 : 22 bomb: 0
Final score 908 : 24 bomb: 0
Final score 909 : 23 bomb: 0
Final score 910 : 25 bomb: 0
Final score 911 : 24 bomb: 0
Final score 912 : 21 bomb: 0
Final score 913 : 25 bomb: 0
Final score 914 : 22 bomb: 0
Final score 915 : 23 bomb: 0
Final score 916 : 24 bomb: 0
Final score 917 : 23 bomb: 0
Final score 918 : 23 bomb: 0
Final score 919 : 20 bomb: 0
Final score 920 : 24 bomb: 0
Final score 921 : 25 bomb: 0
Final score 922 : 21 bomb: 0
Final score 923 : 24 bomb: 0
Final score 924 : 25 bomb: 0
Final score 925 : 24 bomb: 0
Final score 926 : 17 bomb: 0
Final score 927 : 24 bomb: 0
Final score 928 : 21 bomb: 0
Final score 929 : 22 bomb: 0
Final score 930 : 18 bomb: 0
Final score 931 : 24 bomb: 0
Final score 932 : 20 bomb: 0
Final score 933 : 24 bomb: 0
Final score 934 : 18 bomb: 0
Final score 935 : 20 bomb: 0
Final score 936 : 23 bomb: 0
Final score 937 : 25 bomb: 0
Final score 938 : 24 bomb: 0
Final score 939 : 25 bomb: 0
Final score 940 : 21 bomb: 0
Final score 941 : 22 bomb: 0
Final score 942 : 24 bomb: 0
Final score 943 : 25 bomb: 0
Final score 944 : 25 bomb: 0
Final score 945 : 21 bomb: 0
Final score 946 : 21 bomb: 0
Final score 947 : 25 bomb: 0
Final score 948 : 24 bomb: 0
Final score 949 : 20 bomb: 0
Final score 950 : 23 bomb: 0
Final score 951 : 25 bomb: 0
Final score 952 : 23 bomb: 0
Final score 953 : 23 bomb: 0
Final score 954 : 18 bomb: 0
Final score 955 : 25 bomb: 0
Final score 956 : 25 bomb: 0
Final score 957 : 24 bomb: 0
Final score 958 : 25 bomb: 0
Final score 959 : 25 bomb: 0
Final score 960 : 22 bomb: 0
Final score 961 : 25 bomb: 0
Final score 962 : 25 bomb: 0
Final score 963 : 23 bomb: 0
Final score 964 : 18 bomb: 0
Final score 965 : 25 bomb: 0
Final score 966 : 24 bomb: 0
Final score 967 : 25 bomb: 0
Final score 968 : 20 bomb: 0
Final score 969 : 23 bomb: 0
Final score 970 : 24 bomb: 0
Final score 971 : 24 bomb: 0
Final score 972 : 19 bomb: 0
Final score 973 : 21 bomb: 0
Final score 974 : 24 bomb: 0
Final score 975 : 25 bomb: 0
Final score 976 : 23 bomb: 0
Final score 977 : 25 bomb: 0
Final score 978 : 25 bomb: 0
Final score 979 : 23 bomb: 0
Final score 980 : 25 bomb: 0
Final score 981 : 19 bomb: 0
Final score 982 : 25 bomb: 0
Final score 983 : 23 bomb: 0
Final score 984 : 25 bomb: 0
Final score 985 : 23 bomb: 0
Final score 986 : 24 bomb: 0
Final score 987 : 23 bomb: 0
Final score 988 : 25 bomb: 0
Final score 989 : 23 bomb: 0
Final score 990 : 24 bomb: 0
Final score 991 : 21 bomb: 0
Final score 992 : 25 bomb: 0
Final score 993 : 23 bomb: 0
Final score 994 : 22 bomb: 0
Final score 995 : 23 bomb: 0
Final score 996 : 19 bomb: 0
Final score 997 : 19 bomb: 0
Final score 998 : 25 bomb: 0
Final score 999 : 24 bomb: 0
Over 1000 games, SmartBot scored an average of 23.048 points per game.
  29.3 percent were perfect games.
  Mulligans used: 0 (48.4%); 1 (37.2%); 2 (13.9%); 3 (0.5%).