Registering torchbots...
--seed 741456005
Final score 0 : 15 bomb: 0
Over 1 games, SimpleBot scored an average of 15 points per game.
Final score 1 : 15 bomb: 0
Final score 2 : 17 bomb: 0
Final score 3 : 15 bomb: 0
Final score 4 : 22 bomb: 0
Final score 5 : 13 bomb: 0
Final score 6 : 16 bomb: 0
Final score 7 : 17 bomb: 0
Final score 8 : 16 bomb: 0
Final score 9 : 21 bomb: 0
Final score 10 : 18 bomb: 0
Final score 11 : 16 bomb: 0
Final score 12 : 20 bomb: 0
Final score 13 : 18 bomb: 0
Final score 14 : 14 bomb: 0
Final score 15 : 21 bomb: 0
Final score 16 : 19 bomb: 0
Final score 17 : 16 bomb: 0
Final score 18 : 20 bomb: 0
Final score 19 : 13 bomb: 0
Final score 20 : 17 bomb: 0
Final score 21 : 12 bomb: 0
Final score 22 : 15 bomb: 0
Final score 23 : 20 bomb: 0
Final score 24 : 17 bomb: 0
Final score 25 : 14 bomb: 0
Final score 26 : 20 bomb: 0
Final score 27 : 15 bomb: 0
Final score 28 : 17 bomb: 0
Final score 29 : 17 bomb: 0
Final score 30 : 18 bomb: 0
Final score 31 : 20 bomb: 0
Final score 32 : 13 bomb: 0
Final score 33 : 18 bomb: 0
Final score 34 : 13 bomb: 0
Final score 35 : 18 bomb: 0
Final score 36 : 15 bomb: 0
Final score 37 : 16 bomb: 0
Final score 38 : 19 bomb: 0
Final score 39 : 12 bomb: 0
Final score 40 : 17 bomb: 0
Final score 41 : 11 bomb: 0
Final score 42 : 21 bomb: 0
Final score 43 : 18 bomb: 0
Final score 44 : 15 bomb: 0
Final score 45 : 18 bomb: 0
Final score 46 : 13 bomb: 0
Final score 47 : 16 bomb: 0
Final score 48 : 18 bomb: 0
Final score 49 : 21 bomb: 0
Final score 50 : 21 bomb: 0
Final score 51 : 13 bomb: 0
Final score 52 : 17 bomb: 0
Final score 53 : 13 bomb: 0
Final score 54 : 20 bomb: 0
Final score 55 : 18 bomb: 0
Final score 56 : 12 bomb: 0
Final score 57 : 18 bomb: 0
Final score 58 : 19 bomb: 0
Final score 59 : 17 bomb: 0
Final score 60 : 20 bomb: 0
Final score 61 : 15 bomb: 0
Final score 62 : 16 bomb: 0
Final score 63 : 15 bomb: 0
Final score 64 : 14 bomb: 0
Final score 65 : 19 bomb: 0
Final score 66 : 19 bomb: 0
Final score 67 : 12 bomb: 0
Final score 68 : 17 bomb: 0
Final score 69 : 15 bomb: 0
Final score 70 : 12 bomb: 0
Final score 71 : 17 bomb: 0
Final score 72 : 12 bomb: 0
Final score 73 : 19 bomb: 0
Final score 74 : 21 bomb: 0
Final score 75 : 19 bomb: 0
Final score 76 : 16 bomb: 0
Final score 77 : 17 bomb: 0
Final score 78 : 13 bomb: 0
Final score 79 : 17 bomb: 0
Final score 80 : 18 bomb: 0
Final score 81 : 16 bomb: 0
Final score 82 : 18 bomb: 0
Final score 83 : 19 bomb: 0
Final score 84 : 15 bomb: 0
Final score 85 : 16 bomb: 0
Final score 86 : 19 bomb: 0
Final score 87 : 15 bomb: 0
Final score 88 : 10 bomb: 0
Final score 89 : 13 bomb: 0
Final score 90 : 14 bomb: 0
Final score 91 : 20 bomb: 0
Final score 92 : 12 bomb: 0
Final score 93 : 14 bomb: 0
Final score 94 : 17 bomb: 0
Final score 95 : 20 bomb: 0
Final score 96 : 15 bomb: 0
Final score 97 : 16 bomb: 0
Final score 98 : 13 bomb: 0
Final score 99 : 15 bomb: 0
Final score 100 : 15 bomb: 0
Over 101 games, SimpleBot scored an average of 16.4257 points per game.
Final score 101 : 20 bomb: 0
Final score 102 : 17 bomb: 0
Final score 103 : 19 bomb: 0
Final score 104 : 11 bomb: 0
Final score 105 : 13 bomb: 0
Final score 106 : 12 bomb: 0
Final score 107 : 14 bomb: 0
Final score 108 : 17 bomb: 0
Final score 109 : 19 bomb: 0
Final score 110 : 21 bomb: 0
Final score 111 : 17 bomb: 0
Final score 112 : 19 bomb: 0
Final score 113 : 14 bomb: 0
Final score 114 : 13 bomb: 0
Final score 115 : 21 bomb: 0
Final score 116 : 18 bomb: 0
Final score 117 : 17 bomb: 0
Final score 118 : 18 bomb: 0
Final score 119 : 20 bomb: 0
Final score 120 : 17 bomb: 0
Final score 121 : 20 bomb: 0
Final score 122 : 16 bomb: 0
Final score 123 : 17 bomb: 0
Final score 124 : 19 bomb: 0
Final score 125 : 16 bomb: 0
Final score 126 : 17 bomb: 0
Final score 127 : 18 bomb: 0
Final score 128 : 20 bomb: 0
Final score 129 : 18 bomb: 0
Final score 130 : 22 bomb: 0
Final score 131 : 18 bomb: 0
Final score 132 : 15 bomb: 0
Final score 133 : 16 bomb: 0
Final score 134 : 16 bomb: 0
Final score 135 : 16 bomb: 0
Final score 136 : 18 bomb: 0
Final score 137 : 18 bomb: 0
Final score 138 : 20 bomb: 0
Final score 139 : 15 bomb: 0
Final score 140 : 15 bomb: 0
Final score 141 : 15 bomb: 0
Final score 142 : 15 bomb: 0
Final score 143 : 17 bomb: 0
Final score 144 : 15 bomb: 0
Final score 145 : 18 bomb: 0
Final score 146 : 22 bomb: 0
Final score 147 : 19 bomb: 0
Final score 148 : 17 bomb: 0
Final score 149 : 18 bomb: 0
Final score 150 : 14 bomb: 0
Final score 151 : 16 bomb: 0
Final score 152 : 15 bomb: 0
Final score 153 : 19 bomb: 0
Final score 154 : 17 bomb: 0
Final score 155 : 15 bomb: 0
Final score 156 : 14 bomb: 0
Final score 157 : 18 bomb: 0
Final score 158 : 7 bomb: 0
Final score 159 : 14 bomb: 0
Final score 160 : 20 bomb: 0
Final score 161 : 15 bomb: 0
Final score 162 : 14 bomb: 0
Final score 163 : 17 bomb: 0
Final score 164 : 10 bomb: 0
Final score 165 : 15 bomb: 0
Final score 166 : 17 bomb: 0
Final score 167 : 16 bomb: 0
Final score 168 : 17 bomb: 0
Final score 169 : 17 bomb: 0
Final score 170 : 16 bomb: 0
Final score 171 : 16 bomb: 0
Final score 172 : 21 bomb: 0
Final score 173 : 13 bomb: 0
Final score 174 : 18 bomb: 0
Final score 175 : 18 bomb: 0
Final score 176 : 12 bomb: 0
Final score 177 : 20 bomb: 0
Final score 178 : 20 bomb: 0
Final score 179 : 13 bomb: 0
Final score 180 : 24 bomb: 0
Final score 181 : 18 bomb: 0
Final score 182 : 17 bomb: 0
Final score 183 : 14 bomb: 0
Final score 184 : 16 bomb: 0
Final score 185 : 10 bomb: 0
Final score 186 : 18 bomb: 0
Final score 187 : 18 bomb: 0
Final score 188 : 20 bomb: 0
Final score 189 : 16 bomb: 0
Final score 190 : 16 bomb: 0
Final score 191 : 17 bomb: 0
Final score 192 : 14 bomb: 0
Final score 193 : 20 bomb: 0
Final score 194 : 13 bomb: 0
Final score 195 : 16 bomb: 0
Final score 196 : 18 bomb: 0
Final score 197 : 17 bomb: 0
Final score 198 : 14 bomb: 0
Final score 199 : 21 bomb: 0
Final score 200 : 16 bomb: 0
Over 201 games, SimpleBot scored an average of 16.5622 points per game.
Final score 201 : 21 bomb: 0
Final score 202 : 20 bomb: 0
Final score 203 : 16 bomb: 0
Final score 204 : 16 bomb: 0
Final score 205 : 17 bomb: 0
Final score 206 : 14 bomb: 0
Final score 207 : 18 bomb: 0
Final score 208 : 14 bomb: 0
Final score 209 : 16 bomb: 0
Final score 210 : 17 bomb: 0
Final score 211 : 21 bomb: 0
Final score 212 : 15 bomb: 0
Final score 213 : 20 bomb: 0
Final score 214 : 16 bomb: 0
Final score 215 : 15 bomb: 0
Final score 216 : 17 bomb: 0
Final score 217 : 15 bomb: 0
Final score 218 : 18 bomb: 0
Final score 219 : 10 bomb: 0
Final score 220 : 16 bomb: 0
Final score 221 : 22 bomb: 0
Final score 222 : 15 bomb: 0
Final score 223 : 16 bomb: 0
Final score 224 : 22 bomb: 0
Final score 225 : 22 bomb: 0
Final score 226 : 16 bomb: 0
Final score 227 : 16 bomb: 0
Final score 228 : 16 bomb: 0
Final score 229 : 18 bomb: 0
Final score 230 : 20 bomb: 0
Final score 231 : 21 bomb: 0
Final score 232 : 17 bomb: 0
Final score 233 : 16 bomb: 0
Final score 234 : 16 bomb: 0
Final score 235 : 13 bomb: 0
Final score 236 : 21 bomb: 0
Final score 237 : 18 bomb: 0
Final score 238 : 20 bomb: 0
Final score 239 : 19 bomb: 0
Final score 240 : 21 bomb: 0
Final score 241 : 15 bomb: 0
Final score 242 : 20 bomb: 0
Final score 243 : 14 bomb: 0
Final score 244 : 18 bomb: 0
Final score 245 : 16 bomb: 0
Final score 246 : 17 bomb: 0
Final score 247 : 19 bomb: 0
Final score 248 : 19 bomb: 0
Final score 249 : 19 bomb: 0
Final score 250 : 10 bomb: 0
Final score 251 : 23 bomb: 0
Final score 252 : 19 bomb: 0
Final score 253 : 22 bomb: 0
Final score 254 : 14 bomb: 0
Final score 255 : 15 bomb: 0
Final score 256 : 13 bomb: 0
Final score 257 : 22 bomb: 0
Final score 258 : 14 bomb: 0
Final score 259 : 13 bomb: 0
Final score 260 : 15 bomb: 0
Final score 261 : 18 bomb: 0
Final score 262 : 19 bomb: 0
Final score 263 : 15 bomb: 0
Final score 264 : 12 bomb: 0
Final score 265 : 21 bomb: 0
Final score 266 : 16 bomb: 0
Final score 267 : 19 bomb: 0
Final score 268 : 15 bomb: 0
Final score 269 : 14 bomb: 0
Final score 270 : 15 bomb: 0
Final score 271 : 16 bomb: 0
Final score 272 : 14 bomb: 0
Final score 273 : 11 bomb: 0
Final score 274 : 13 bomb: 0
Final score 275 : 15 bomb: 0
Final score 276 : 13 bomb: 0
Final score 277 : 18 bomb: 0
Final score 278 : 18 bomb: 0
Final score 279 : 15 bomb: 0
Final score 280 : 19 bomb: 0
Final score 281 : 13 bomb: 0
Final score 282 : 16 bomb: 0
Final score 283 : 19 bomb: 0
Final score 284 : 20 bomb: 0
Final score 285 : 13 bomb: 0
Final score 286 : 12 bomb: 0
Final score 287 : 16 bomb: 0
Final score 288 : 17 bomb: 0
Final score 289 : 19 bomb: 0
Final score 290 : 19 bomb: 0
Final score 291 : 14 bomb: 0
Final score 292 : 19 bomb: 0
Final score 293 : 18 bomb: 0
Final score 294 : 20 bomb: 0
Final score 295 : 19 bomb: 0
Final score 296 : 14 bomb: 0
Final score 297 : 21 bomb: 0
Final score 298 : 20 bomb: 0
Final score 299 : 15 bomb: 0
Final score 300 : 12 bomb: 0
Over 301 games, SimpleBot scored an average of 16.6611 points per game.
Final score 301 : 21 bomb: 0
Final score 302 : 11 bomb: 0
Final score 303 : 16 bomb: 0
Final score 304 : 18 bomb: 0
Final score 305 : 16 bomb: 0
Final score 306 : 15 bomb: 0
Final score 307 : 18 bomb: 0
Final score 308 : 21 bomb: 0
Final score 309 : 18 bomb: 0
Final score 310 : 17 bomb: 0
Final score 311 : 19 bomb: 0
Final score 312 : 15 bomb: 0
Final score 313 : 18 bomb: 0
Final score 314 : 20 bomb: 0
Final score 315 : 16 bomb: 0
Final score 316 : 15 bomb: 0
Final score 317 : 18 bomb: 0
Final score 318 : 18 bomb: 0
Final score 319 : 16 bomb: 0
Final score 320 : 12 bomb: 0
Final score 321 : 19 bomb: 0
Final score 322 : 17 bomb: 0
Final score 323 : 20 bomb: 0
Final score 324 : 19 bomb: 0
Final score 325 : 17 bomb: 0
Final score 326 : 17 bomb: 0
Final score 327 : 17 bomb: 0
Final score 328 : 19 bomb: 0
Final score 329 : 16 bomb: 0
Final score 330 : 19 bomb: 0
Final score 331 : 17 bomb: 0
Final score 332 : 15 bomb: 0
Final score 333 : 14 bomb: 0
Final score 334 : 21 bomb: 0
Final score 335 : 17 bomb: 0
Final score 336 : 12 bomb: 0
Final score 337 : 20 bomb: 0
Final score 338 : 13 bomb: 0
Final score 339 : 22 bomb: 0
Final score 340 : 14 bomb: 0
Final score 341 : 22 bomb: 0
Final score 342 : 19 bomb: 0
Final score 343 : 13 bomb: 0
Final score 344 : 16 bomb: 0
Final score 345 : 13 bomb: 0
Final score 346 : 16 bomb: 0
Final score 347 : 16 bomb: 0
Final score 348 : 20 bomb: 0
Final score 349 : 20 bomb: 0
Final score 350 : 15 bomb: 0
Final score 351 : 19 bomb: 0
Final score 352 : 21 bomb: 0
Final score 353 : 14 bomb: 0
Final score 354 : 16 bomb: 0
Final score 355 : 8 bomb: 0
Final score 356 : 20 bomb: 0
Final score 357 : 19 bomb: 0
Final score 358 : 15 bomb: 0
Final score 359 : 15 bomb: 0
Final score 360 : 16 bomb: 0
Final score 361 : 13 bomb: 0
Final score 362 : 18 bomb: 0
Final score 363 : 14 bomb: 0
Final score 364 : 21 bomb: 0
Final score 365 : 16 bomb: 0
Final score 366 : 17 bomb: 0
Final score 367 : 15 bomb: 0
Final score 368 : 16 bomb: 0
Final score 369 : 10 bomb: 0
Final score 370 : 11 bomb: 0
Final score 371 : 14 bomb: 0
Final score 372 : 21 bomb: 0
Final score 373 : 19 bomb: 0
Final score 374 : 17 bomb: 0
Final score 375 : 14 bomb: 0
Final score 376 : 21 bomb: 0
Final score 377 : 21 bomb: 0
Final score 378 : 18 bomb: 0
Final score 379 : 22 bomb: 0
Final score 380 : 19 bomb: 0
Final score 381 : 15 bomb: 0
Final score 382 : 16 bomb: 0
Final score 383 : 13 bomb: 0
Final score 384 : 19 bomb: 0
Final score 385 : 18 bomb: 0
Final score 386 : 20 bomb: 0
Final score 387 : 20 bomb: 0
Final score 388 : 14 bomb: 0
Final score 389 : 17 bomb: 0
Final score 390 : 20 bomb: 0
Final score 391 : 16 bomb: 0
Final score 392 : 21 bomb: 0
Final score 393 : 14 bomb: 0
Final score 394 : 17 bomb: 0
Final score 395 : 18 bomb: 0
Final score 396 : 19 bomb: 0
Final score 397 : 18 bomb: 0
Final score 398 : 18 bomb: 0
Final score 399 : 18 bomb: 0
Final score 400 : 13 bomb: 0
Over 401 games, SimpleBot scored an average of 16.7382 points per game.
Final score 401 : 14 bomb: 0
Final score 402 : 13 bomb: 0
Final score 403 : 15 bomb: 0
Final score 404 : 18 bomb: 0
Final score 405 : 23 bomb: 0
Final score 406 : 17 bomb: 0
Final score 407 : 22 bomb: 0
Final score 408 : 17 bomb: 0
Final score 409 : 15 bomb: 0
Final score 410 : 19 bomb: 0
Final score 411 : 16 bomb: 0
Final score 412 : 16 bomb: 0
Final score 413 : 21 bomb: 0
Final score 414 : 18 bomb: 0
Final score 415 : 12 bomb: 0
Final score 416 : 16 bomb: 0
Final score 417 : 14 bomb: 0
Final score 418 : 18 bomb: 0
Final score 419 : 22 bomb: 0
Final score 420 : 14 bomb: 0
Final score 421 : 18 bomb: 0
Final score 422 : 20 bomb: 0
Final score 423 : 18 bomb: 0
Final score 424 : 14 bomb: 0
Final score 425 : 19 bomb: 0
Final score 426 : 14 bomb: 0
Final score 427 : 14 bomb: 0
Final score 428 : 15 bomb: 0
Final score 429 : 15 bomb: 0
Final score 430 : 18 bomb: 0
Final score 431 : 15 bomb: 0
Final score 432 : 16 bomb: 0
Final score 433 : 21 bomb: 0
Final score 434 : 18 bomb: 0
Final score 435 : 15 bomb: 0
Final score 436 : 14 bomb: 0
Final score 437 : 16 bomb: 0
Final score 438 : 21 bomb: 0
Final score 439 : 20 bomb: 0
Final score 440 : 19 bomb: 0
Final score 441 : 15 bomb: 0
Final score 442 : 16 bomb: 0
Final score 443 : 17 bomb: 0
Final score 444 : 20 bomb: 0
Final score 445 : 21 bomb: 0
Final score 446 : 19 bomb: 0
Final score 447 : 13 bomb: 0
Final score 448 : 15 bomb: 0
Final score 449 : 17 bomb: 0
Final score 450 : 21 bomb: 0
Final score 451 : 13 bomb: 0
Final score 452 : 14 bomb: 0
Final score 453 : 15 bomb: 0
Final score 454 : 22 bomb: 0
Final score 455 : 18 bomb: 0
Final score 456 : 12 bomb: 0
Final score 457 : 16 bomb: 0
Final score 458 : 19 bomb: 0
Final score 459 : 19 bomb: 0
Final score 460 : 17 bomb: 0
Final score 461 : 18 bomb: 0
Final score 462 : 17 bomb: 0
Final score 463 : 20 bomb: 0
Final score 464 : 18 bomb: 0
Final score 465 : 16 bomb: 0
Final score 466 : 18 bomb: 0
Final score 467 : 12 bomb: 0
Final score 468 : 17 bomb: 0
Final score 469 : 19 bomb: 0
Final score 470 : 18 bomb: 0
Final score 471 : 18 bomb: 0
Final score 472 : 21 bomb: 0
Final score 473 : 17 bomb: 0
Final score 474 : 11 bomb: 0
Final score 475 : 13 bomb: 0
Final score 476 : 17 bomb: 0
Final score 477 : 18 bomb: 0
Final score 478 : 17 bomb: 0
Final score 479 : 16 bomb: 0
Final score 480 : 20 bomb: 0
Final score 481 : 14 bomb: 0
Final score 482 : 20 bomb: 0
Final score 483 : 12 bomb: 0
Final score 484 : 14 bomb: 0
Final score 485 : 20 bomb: 0
Final score 486 : 19 bomb: 0
Final score 487 : 20 bomb: 0
Final score 488 : 14 bomb: 0
Final score 489 : 17 bomb: 0
Final score 490 : 19 bomb: 0
Final score 491 : 17 bomb: 0
Final score 492 : 21 bomb: 0
Final score 493 : 20 bomb: 0
Final score 494 : 19 bomb: 0
Final score 495 : 18 bomb: 0
Final score 496 : 17 bomb: 0
Final score 497 : 18 bomb: 0
Final score 498 : 13 bomb: 0
Final score 499 : 18 bomb: 0
Final score 500 : 23 bomb: 0
Over 501 games, SimpleBot scored an average of 16.8164 points per game.
Final score 501 : 16 bomb: 0
Final score 502 : 17 bomb: 0
Final score 503 : 17 bomb: 0
Final score 504 : 18 bomb: 0
Final score 505 : 13 bomb: 0
Final score 506 : 17 bomb: 0
Final score 507 : 14 bomb: 0
Final score 508 : 17 bomb: 0
Final score 509 : 17 bomb: 0
Final score 510 : 16 bomb: 0
Final score 511 : 16 bomb: 0
Final score 512 : 20 bomb: 0
Final score 513 : 19 bomb: 0
Final score 514 : 17 bomb: 0
Final score 515 : 14 bomb: 0
Final score 516 : 22 bomb: 0
Final score 517 : 16 bomb: 0
Final score 518 : 11 bomb: 0
Final score 519 : 17 bomb: 0
Final score 520 : 21 bomb: 0
Final score 521 : 15 bomb: 0
Final score 522 : 11 bomb: 0
Final score 523 : 22 bomb: 0
Final score 524 : 16 bomb: 0
Final score 525 : 21 bomb: 0
Final score 526 : 17 bomb: 0
Final score 527 : 15 bomb: 0
Final score 528 : 24 bomb: 0
Final score 529 : 17 bomb: 0
Final score 530 : 17 bomb: 0
Final score 531 : 20 bomb: 0
Final score 532 : 16 bomb: 0
Final score 533 : 16 bomb: 0
Final score 534 : 13 bomb: 0
Final score 535 : 19 bomb: 0
Final score 536 : 11 bomb: 0
Final score 537 : 19 bomb: 0
Final score 538 : 18 bomb: 0
Final score 539 : 18 bomb: 0
Final score 540 : 15 bomb: 0
Final score 541 : 15 bomb: 0
Final score 542 : 19 bomb: 0
Final score 543 : 17 bomb: 0
Final score 544 : 16 bomb: 0
Final score 545 : 15 bomb: 0
Final score 546 : 19 bomb: 0
Final score 547 : 16 bomb: 0
Final score 548 : 17 bomb: 0
Final score 549 : 18 bomb: 0
Final score 550 : 17 bomb: 0
Final score 551 : 13 bomb: 0
Final score 552 : 16 bomb: 0
Final score 553 : 21 bomb: 0
Final score 554 : 15 bomb: 0
Final score 555 : 16 bomb: 0
Final score 556 : 19 bomb: 0
Final score 557 : 19 bomb: 0
Final score 558 : 17 bomb: 0
Final score 559 : 19 bomb: 0
Final score 560 : 17 bomb: 0
Final score 561 : 16 bomb: 0
Final score 562 : 17 bomb: 0
Final score 563 : 13 bomb: 0
Final score 564 : 19 bomb: 0
Final score 565 : 17 bomb: 0
Final score 566 : 20 bomb: 0
Final score 567 : 14 bomb: 0
Final score 568 : 17 bomb: 0
Final score 569 : 16 bomb: 0
Final score 570 : 21 bomb: 0
Final score 571 : 19 bomb: 0
Final score 572 : 17 bomb: 0
Final score 573 : 16 bomb: 0
Final score 574 : 21 bomb: 0
Final score 575 : 21 bomb: 0
Final score 576 : 11 bomb: 0
Final score 577 : 18 bomb: 0
Final score 578 : 14 bomb: 0
Final score 579 : 18 bomb: 0
Final score 580 : 16 bomb: 0
Final score 581 : 19 bomb: 0
Final score 582 : 20 bomb: 0
Final score 583 : 17 bomb: 0
Final score 584 : 12 bomb: 0
Final score 585 : 16 bomb: 0
Final score 586 : 15 bomb: 0
Final score 587 : 19 bomb: 0
Final score 588 : 19 bomb: 0
Final score 589 : 20 bomb: 0
Final score 590 : 17 bomb: 0
Final score 591 : 18 bomb: 0
Final score 592 : 16 bomb: 0
Final score 593 : 20 bomb: 0
Final score 594 : 15 bomb: 0
Final score 595 : 16 bomb: 0
Final score 596 : 17 bomb: 0
Final score 597 : 17 bomb: 0
Final score 598 : 17 bomb: 0
Final score 599 : 17 bomb: 0
Final score 600 : 16 bomb: 0
Over 601 games, SimpleBot scored an average of 16.8469 points per game.
Final score 601 : 14 bomb: 0
Final score 602 : 15 bomb: 0
Final score 603 : 16 bomb: 0
Final score 604 : 20 bomb: 0
Final score 605 : 12 bomb: 0
Final score 606 : 13 bomb: 0
Final score 607 : 21 bomb: 0
Final score 608 : 20 bomb: 0
Final score 609 : 20 bomb: 0
Final score 610 : 20 bomb: 0
Final score 611 : 17 bomb: 0
Final score 612 : 15 bomb: 0
Final score 613 : 18 bomb: 0
Final score 614 : 16 bomb: 0
Final score 615 : 19 bomb: 0
Final score 616 : 16 bomb: 0
Final score 617 : 21 bomb: 0
Final score 618 : 14 bomb: 0
Final score 619 : 17 bomb: 0
Final score 620 : 20 bomb: 0
Final score 621 : 17 bomb: 0
Final score 622 : 16 bomb: 0
Final score 623 : 16 bomb: 0
Final score 624 : 11 bomb: 0
Final score 625 : 16 bomb: 0
Final score 626 : 20 bomb: 0
Final score 627 : 19 bomb: 0
Final score 628 : 21 bomb: 0
Final score 629 : 15 bomb: 0
Final score 630 : 14 bomb: 0
Final score 631 : 17 bomb: 0
Final score 632 : 18 bomb: 0
Final score 633 : 16 bomb: 0
Final score 634 : 10 bomb: 0
Final score 635 : 16 bomb: 0
Final score 636 : 14 bomb: 0
Final score 637 : 18 bomb: 0
Final score 638 : 18 bomb: 0
Final score 639 : 22 bomb: 0
Final score 640 : 13 bomb: 0
Final score 641 : 17 bomb: 0
Final score 642 : 15 bomb: 0
Final score 643 : 20 bomb: 0
Final score 644 : 18 bomb: 0
Final score 645 : 19 bomb: 0
Final score 646 : 21 bomb: 0
Final score 647 : 20 bomb: 0
Final score 648 : 21 bomb: 0
Final score 649 : 17 bomb: 0
Final score 650 : 21 bomb: 0
Final score 651 : 19 bomb: 0
Final score 652 : 16 bomb: 0
Final score 653 : 17 bomb: 0
Final score 654 : 19 bomb: 0
Final score 655 : 21 bomb: 0
Final score 656 : 20 bomb: 0
Final score 657 : 16 bomb: 0
Final score 658 : 13 bomb: 0
Final score 659 : 21 bomb: 0
Final score 660 : 22 bomb: 0
Final score 661 : 15 bomb: 0
Final score 662 : 19 bomb: 0
Final score 663 : 21 bomb: 0
Final score 664 : 20 bomb: 0
Final score 665 : 20 bomb: 0
Final score 666 : 14 bomb: 0
Final score 667 : 19 bomb: 0
Final score 668 : 19 bomb: 0
Final score 669 : 8 bomb: 0
Final score 670 : 22 bomb: 0
Final score 671 : 17 bomb: 0
Final score 672 : 14 bomb: 0
Final score 673 : 22 bomb: 0
Final score 674 : 21 bomb: 0
Final score 675 : 18 bomb: 0
Final score 676 : 15 bomb: 0
Final score 677 : 16 bomb: 0
Final score 678 : 18 bomb: 0
Final score 679 : 19 bomb: 0
Final score 680 : 16 bomb: 0
Final score 681 : 19 bomb: 0
Final score 682 : 19 bomb: 0
Final score 683 : 21 bomb: 0
Final score 684 : 13 bomb: 0
Final score 685 : 18 bomb: 0
Final score 686 : 15 bomb: 0
Final score 687 : 17 bomb: 0
Final score 688 : 17 bomb: 0
Final score 689 : 18 bomb: 0
Final score 690 : 19 bomb: 0
Final score 691 : 19 bomb: 0
Final score 692 : 19 bomb: 0
Final score 693 : 19 bomb: 0
Final score 694 : 16 bomb: 0
Final score 695 : 12 bomb: 0
Final score 696 : 19 bomb: 0
Final score 697 : 14 bomb: 0
Final score 698 : 18 bomb: 0
Final score 699 : 20 bomb: 0
Final score 700 : 16 bomb: 0
Over 701 games, SimpleBot scored an average of 16.933 points per game.
Final score 701 : 16 bomb: 0
Final score 702 : 17 bomb: 0
Final score 703 : 20 bomb: 0
Final score 704 : 17 bomb: 0
Final score 705 : 20 bomb: 0
Final score 706 : 15 bomb: 0
Final score 707 : 16 bomb: 0
Final score 708 : 19 bomb: 0
Final score 709 : 14 bomb: 0
Final score 710 : 16 bomb: 0
Final score 711 : 17 bomb: 0
Final score 712 : 20 bomb: 0
Final score 713 : 16 bomb: 0
Final score 714 : 15 bomb: 0
Final score 715 : 16 bomb: 0
Final score 716 : 17 bomb: 0
Final score 717 : 10 bomb: 0
Final score 718 : 18 bomb: 0
Final score 719 : 15 bomb: 0
Final score 720 : 18 bomb: 0
Final score 721 : 18 bomb: 0
Final score 722 : 21 bomb: 0
Final score 723 : 19 bomb: 0
Final score 724 : 14 bomb: 0
Final score 725 : 18 bomb: 0
Final score 726 : 16 bomb: 0
Final score 727 : 15 bomb: 0
Final score 728 : 12 bomb: 0
Final score 729 : 21 bomb: 0
Final score 730 : 17 bomb: 0
Final score 731 : 20 bomb: 0
Final score 732 : 14 bomb: 0
Final score 733 : 14 bomb: 0
Final score 734 : 19 bomb: 0
Final score 735 : 18 bomb: 0
Final score 736 : 22 bomb: 0
Final score 737 : 15 bomb: 0
Final score 738 : 20 bomb: 0
Final score 739 : 19 bomb: 0
Final score 740 : 16 bomb: 0
Final score 741 : 18 bomb: 0
Final score 742 : 16 bomb: 0
Final score 743 : 19 bomb: 0
Final score 744 : 11 bomb: 0
Final score 745 : 19 bomb: 0
Final score 746 : 16 bomb: 0
Final score 747 : 18 bomb: 0
Final score 748 : 17 bomb: 0
Final score 749 : 22 bomb: 0
Final score 750 : 16 bomb: 0
Final score 751 : 20 bomb: 0
Final score 752 : 18 bomb: 0
Final score 753 : 15 bomb: 0
Final score 754 : 13 bomb: 0
Final score 755 : 20 bomb: 0
Final score 756 : 21 bomb: 0
Final score 757 : 12 bomb: 0
Final score 758 : 15 bomb: 0
Final score 759 : 11 bomb: 0
Final score 760 : 18 bomb: 0
Final score 761 : 21 bomb: 0
Final score 762 : 20 bomb: 0
Final score 763 : 15 bomb: 0
Final score 764 : 21 bomb: 0
Final score 765 : 19 bomb: 0
Final score 766 : 17 bomb: 0
Final score 767 : 16 bomb: 0
Final score 768 : 19 bomb: 0
Final score 769 : 22 bomb: 0
Final score 770 : 15 bomb: 0
Final score 771 : 20 bomb: 0
Final score 772 : 22 bomb: 0
Final score 773 : 12 bomb: 0
Final score 774 : 19 bomb: 0
Final score 775 : 18 bomb: 0
Final score 776 : 16 bomb: 0
Final score 777 : 22 bomb: 0
Final score 778 : 17 bomb: 0
Final score 779 : 21 bomb: 0
Final score 780 : 15 bomb: 0
Final score 781 : 16 bomb: 0
Final score 782 : 18 bomb: 0
Final score 783 : 16 bomb: 0
Final score 784 : 18 bomb: 0
Final score 785 : 13 bomb: 0
Final score 786 : 20 bomb: 0
Final score 787 : 20 bomb: 0
Final score 788 : 19 bomb: 0
Final score 789 : 16 bomb: 0
Final score 790 : 17 bomb: 0
Final score 791 : 16 bomb: 0
Final score 792 : 14 bomb: 0
Final score 793 : 17 bomb: 0
Final score 794 : 12 bomb: 0
Final score 795 : 19 bomb: 0
Final score 796 : 12 bomb: 0
Final score 797 : 13 bomb: 0
Final score 798 : 14 bomb: 0
Final score 799 : 17 bomb: 0
Final score 800 : 20 bomb: 0
Over 801 games, SimpleBot scored an average of 16.9526 points per game.
Final score 801 : 19 bomb: 0
Final score 802 : 18 bomb: 0
Final score 803 : 13 bomb: 0
Final score 804 : 15 bomb: 0
Final score 805 : 17 bomb: 0
Final score 806 : 17 bomb: 0
Final score 807 : 16 bomb: 0
Final score 808 : 14 bomb: 0
Final score 809 : 17 bomb: 0
Final score 810 : 18 bomb: 0
Final score 811 : 13 bomb: 0
Final score 812 : 10 bomb: 0
Final score 813 : 15 bomb: 0
Final score 814 : 14 bomb: 0
Final score 815 : 19 bomb: 0
Final score 816 : 15 bomb: 0
Final score 817 : 16 bomb: 0
Final score 818 : 16 bomb: 0
Final score 819 : 16 bomb: 0
Final score 820 : 15 bomb: 0
Final score 821 : 14 bomb: 0
Final score 822 : 22 bomb: 0
Final score 823 : 21 bomb: 0
Final score 824 : 14 bomb: 0
Final score 825 : 15 bomb: 0
Final score 826 : 15 bomb: 0
Final score 827 : 17 bomb: 0
Final score 828 : 18 bomb: 0
Final score 829 : 15 bomb: 0
Final score 830 : 15 bomb: 0
Final score 831 : 13 bomb: 0
Final score 832 : 18 bomb: 0
Final score 833 : 10 bomb: 0
Final score 834 : 14 bomb: 0
Final score 835 : 20 bomb: 0
Final score 836 : 13 bomb: 0
Final score 837 : 14 bomb: 0
Final score 838 : 17 bomb: 0
Final score 839 : 16 bomb: 0
Final score 840 : 20 bomb: 0
Final score 841 : 18 bomb: 0
Final score 842 : 19 bomb: 0
Final score 843 : 15 bomb: 0
Final score 844 : 18 bomb: 0
Final score 845 : 17 bomb: 0
Final score 846 : 17 bomb: 0
Final score 847 : 14 bomb: 0
Final score 848 : 16 bomb: 0
Final score 849 : 19 bomb: 0
Final score 850 : 17 bomb: 0
Final score 851 : 18 bomb: 0
Final score 852 : 16 bomb: 0
Final score 853 : 20 bomb: 0
Final score 854 : 20 bomb: 0
Final score 855 : 18 bomb: 0
Final score 856 : 13 bomb: 0
Final score 857 : 23 bomb: 0
Final score 858 : 16 bomb: 0
Final score 859 : 12 bomb: 0
Final score 860 : 22 bomb: 0
Final score 861 : 16 bomb: 0
Final score 862 : 18 bomb: 0
Final score 863 : 13 bomb: 0
Final score 864 : 15 bomb: 0
Final score 865 : 21 bomb: 0
Final score 866 : 19 bomb: 0
Final score 867 : 19 bomb: 0
Final score 868 : 23 bomb: 0
Final score 869 : 11 bomb: 0
Final score 870 : 20 bomb: 0
Final score 871 : 20 bomb: 0
Final score 872 : 16 bomb: 0
Final score 873 : 13 bomb: 0
Final score 874 : 20 bomb: 0
Final score 875 : 16 bomb: 0
Final score 876 : 20 bomb: 0
Final score 877 : 14 bomb: 0
Final score 878 : 15 bomb: 0
Final score 879 : 21 bomb: 0
Final score 880 : 16 bomb: 0
Final score 881 : 19 bomb: 0
Final score 882 : 16 bomb: 0
Final score 883 : 16 bomb: 0
Final score 884 : 13 bomb: 0
Final score 885 : 17 bomb: 0
Final score 886 : 22 bomb: 0
Final score 887 : 20 bomb: 0
Final score 888 : 19 bomb: 0
Final score 889 : 20 bomb: 0
Final score 890 : 16 bomb: 0
Final score 891 : 18 bomb: 0
Final score 892 : 15 bomb: 0
Final score 893 : 14 bomb: 0
Final score 894 : 15 bomb: 0
Final score 895 : 18 bomb: 0
Final score 896 : 21 bomb: 0
Final score 897 : 13 bomb: 0
Final score 898 : 19 bomb: 0
Final score 899 : 18 bomb: 0
Final score 900 : 15 bomb: 0
Over 901 games, SimpleBot scored an average of 16.9267 points per game.
Final score 901 : 22 bomb: 0
Final score 902 : 16 bomb: 0
Final score 903 : 17 bomb: 0
Final score 904 : 13 bomb: 0
Final score 905 : 13 bomb: 0
Final score 906 : 17 bomb: 0
Final score 907 : 17 bomb: 0
Final score 908 : 18 bomb: 0
Final score 909 : 16 bomb: 0
Final score 910 : 19 bomb: 0
Final score 911 : 18 bomb: 0
Final score 912 : 9 bomb: 0
Final score 913 : 21 bomb: 0
Final score 914 : 18 bomb: 0
Final score 915 : 18 bomb: 0
Final score 916 : 19 bomb: 0
Final score 917 : 18 bomb: 0
Final score 918 : 18 bomb: 0
Final score 919 : 18 bomb: 0
Final score 920 : 17 bomb: 0
Final score 921 : 16 bomb: 0
Final score 922 : 17 bomb: 0
Final score 923 : 17 bomb: 0
Final score 924 : 9 bomb: 0
Final score 925 : 17 bomb: 0
Final score 926 : 17 bomb: 0
Final score 927 : 15 bomb: 0
Final score 928 : 9 bomb: 0
Final score 929 : 19 bomb: 0
Final score 930 : 23 bomb: 0
Final score 931 : 14 bomb: 0
Final score 932 : 19 bomb: 0
Final score 933 : 20 bomb: 0
Final score 934 : 18 bomb: 0
Final score 935 : 17 bomb: 0
Final score 936 : 17 bomb: 0
Final score 937 : 16 bomb: 0
Final score 938 : 18 bomb: 0
Final score 939 : 19 bomb: 0
Final score 940 : 15 bomb: 0
Final score 941 : 16 bomb: 0
Final score 942 : 19 bomb: 0
Final score 943 : 18 bomb: 0
Final score 944 : 17 bomb: 0
Final score 945 : 17 bomb: 0
Final score 946 : 18 bomb: 0
Final score 947 : 20 bomb: 0
Final score 948 : 22 bomb: 0
Final score 949 : 21 bomb: 0
Final score 950 : 20 bomb: 0
Final score 951 : 15 bomb: 0
Final score 952 : 17 bomb: 0
Final score 953 : 16 bomb: 0
Final score 954 : 17 bomb: 0
Final score 955 : 15 bomb: 0
Final score 956 : 10 bomb: 0
Final score 957 : 20 bomb: 0
Final score 958 : 17 bomb: 0
Final score 959 : 20 bomb: 0
Final score 960 : 15 bomb: 0
Final score 961 : 17 bomb: 0
Final score 962 : 18 bomb: 0
Final score 963 : 15 bomb: 0
Final score 964 : 12 bomb: 0
Final score 965 : 18 bomb: 0
Final score 966 : 18 bomb: 0
Final score 967 : 16 bomb: 0
Final score 968 : 20 bomb: 0
Final score 969 : 19 bomb: 0
Final score 970 : 20 bomb: 0
Final score 971 : 18 bomb: 0
Final score 972 : 19 bomb: 0
Final score 973 : 18 bomb: 0
Final score 974 : 18 bomb: 0
Final score 975 : 16 bomb: 0
Final score 976 : 10 bomb: 0
Final score 977 : 18 bomb: 0
Final score 978 : 14 bomb: 0
Final score 979 : 20 bomb: 0
Final score 980 : 10 bomb: 0
Final score 981 : 16 bomb: 0
Final score 982 : 17 bomb: 0
Final score 983 : 11 bomb: 0
Final score 984 : 15 bomb: 0
Final score 985 : 13 bomb: 0
Final score 986 : 13 bomb: 0
Final score 987 : 10 bomb: 0
Final score 988 : 17 bomb: 0
Final score 989 : 18 bomb: 0
Final score 990 : 17 bomb: 0
Final score 991 : 13 bomb: 0
Final score 992 : 21 bomb: 0
Final score 993 : 16 bomb: 0
Final score 994 : 20 bomb: 0
Final score 995 : 15 bomb: 0
Final score 996 : 16 bomb: 0
Final score 997 : 20 bomb: 0
Final score 998 : 10 bomb: 0
Final score 999 : 18 bomb: 0
Over 1000 games, SimpleBot scored an average of 16.905 points per game.