Registering torchbots...
--seed 1040559219
Final score 0 : 25 bomb: 0
Over 1 games, TorchBot scored an average of 25 points per game.
  100 percent were perfect games.
  Mulligans used: 0 (0%); 1 (100%); 2 (0%); 3 (0%).
Final score 1 : 25 bomb: 0
Final score 2 : 25 bomb: 0
Final score 3 : 25 bomb: 0
Final score 4 : 23 bomb: 0
Final score 5 : 24 bomb: 0
Final score 6 : 25 bomb: 0
Final score 7 : 23 bomb: 0
Final score 8 : 24 bomb: 0
Final score 9 : 24 bomb: 0
Final score 10 : 25 bomb: 0
Final score 11 : 21 bomb: 0
Final score 12 : 17 bomb: 1
Final score 13 : 25 bomb: 0
Final score 14 : 24 bomb: 0
Final score 15 : 21 bomb: 0
Final score 16 : 23 bomb: 0
Final score 17 : 24 bomb: 0
Final score 18 : 25 bomb: 0
Final score 19 : 25 bomb: 0
Final score 20 : 25 bomb: 0
Final score 21 : 25 bomb: 0
Final score 22 : 25 bomb: 0
Final score 23 : 25 bomb: 0
Final score 24 : 21 bomb: 0
Final score 25 : 21 bomb: 0
Final score 26 : 25 bomb: 0
Final score 27 : 25 bomb: 0
Final score 28 : 24 bomb: 0
Final score 29 : 24 bomb: 0
Final score 30 : 25 bomb: 0
Final score 31 : 23 bomb: 0
Final score 32 : 23 bomb: 0
Final score 33 : 25 bomb: 0
Final score 34 : 25 bomb: 0
Final score 35 : 22 bomb: 0
Final score 36 : 25 bomb: 0
Final score 37 : 25 bomb: 0
Final score 38 : 24 bomb: 0
Final score 39 : 25 bomb: 0
Final score 40 : 25 bomb: 0
Final score 41 : 23 bomb: 0
Final score 42 : 25 bomb: 0
Final score 43 : 25 bomb: 0
Final score 44 : 25 bomb: 0
Final score 45 : 23 bomb: 0
Final score 46 : 23 bomb: 0
Final score 47 : 25 bomb: 0
Final score 48 : 25 bomb: 0
Final score 49 : 23 bomb: 0
Final score 50 : 22 bomb: 0
Final score 51 : 24 bomb: 0
Final score 52 : 25 bomb: 0
Final score 53 : 25 bomb: 0
Final score 54 : 25 bomb: 0
Final score 55 : 24 bomb: 0
Final score 56 : 24 bomb: 0
Final score 57 : 25 bomb: 0
Final score 58 : 25 bomb: 0
Final score 59 : 22 bomb: 0
Final score 60 : 22 bomb: 0
Final score 61 : 24 bomb: 0
Final score 62 : 22 bomb: 0
Final score 63 : 20 bomb: 0
Final score 64 : 25 bomb: 0
Final score 65 : 24 bomb: 0
Final score 66 : 25 bomb: 0
Final score 67 : 25 bomb: 0
Final score 68 : 23 bomb: 0
Final score 69 : 24 bomb: 0
Final score 70 : 23 bomb: 0
Final score 71 : 23 bomb: 0
Final score 72 : 25 bomb: 0
Final score 73 : 25 bomb: 0
Final score 74 : 24 bomb: 0
Final score 75 : 22 bomb: 0
Final score 76 : 24 bomb: 0
Final score 77 : 25 bomb: 0
Final score 78 : 25 bomb: 0
Final score 79 : 24 bomb: 0
Final score 80 : 25 bomb: 0
Final score 81 : 23 bomb: 0
Final score 82 : 23 bomb: 0
Final score 83 : 25 bomb: 0
Final score 84 : 24 bomb: 0
Final score 85 : 25 bomb: 0
Final score 86 : 24 bomb: 0
Final score 87 : 25 bomb: 0
Final score 88 : 25 bomb: 0
Final score 89 : 25 bomb: 0
Final score 90 : 22 bomb: 0
Final score 91 : 25 bomb: 0
Final score 92 : 24 bomb: 0
Final score 93 : 25 bomb: 0
Final score 94 : 25 bomb: 0
Final score 95 : 22 bomb: 0
Final score 96 : 25 bomb: 0
Final score 97 : 25 bomb: 0
Final score 98 : 25 bomb: 0
Final score 99 : 25 bomb: 0
Final score 100 : 23 bomb: 0
Over 101 games, TorchBot scored an average of 23.9802 points per game.
  51.4851 percent were perfect games.
  Mulligans used: 0 (49.505%); 1 (36.6337%); 2 (12.8713%); 3 (0.990099%).
Final score 101 : 25 bomb: 0
Final score 102 : 25 bomb: 0
Final score 103 : 25 bomb: 0
Final score 104 : 25 bomb: 0
Final score 105 : 25 bomb: 0
Final score 106 : 25 bomb: 0
Final score 107 : 25 bomb: 0
Final score 108 : 22 bomb: 0
Final score 109 : 24 bomb: 0
Final score 110 : 24 bomb: 0
Final score 111 : 24 bomb: 0
Final score 112 : 25 bomb: 0
Final score 113 : 21 bomb: 0
Final score 114 : 25 bomb: 0
Final score 115 : 24 bomb: 0
Final score 116 : 25 bomb: 0
Final score 117 : 21 bomb: 0
Final score 118 : 23 bomb: 0
Final score 119 : 24 bomb: 0
Final score 120 : 25 bomb: 0
Final score 121 : 25 bomb: 0
Final score 122 : 25 bomb: 0
Final score 123 : 25 bomb: 0
Final score 124 : 25 bomb: 0
Final score 125 : 25 bomb: 0
Final score 126 : 25 bomb: 0
Final score 127 : 25 bomb: 0
Final score 128 : 25 bomb: 0
Final score 129 : 25 bomb: 0
Final score 130 : 25 bomb: 0
Final score 131 : 24 bomb: 0
Final score 132 : 25 bomb: 0
Final score 133 : 24 bomb: 0
Final score 134 : 22 bomb: 0
Final score 135 : 25 bomb: 0
Final score 136 : 25 bomb: 0
Final score 137 : 25 bomb: 0
Final score 138 : 20 bomb: 0
Final score 139 : 24 bomb: 0
Final score 140 : 25 bomb: 0
Final score 141 : 25 bomb: 0
Final score 142 : 24 bomb: 0
Final score 143 : 23 bomb: 0
Final score 144 : 22 bomb: 0
Final score 145 : 25 bomb: 0
Final score 146 : 22 bomb: 0
Final score 147 : 24 bomb: 0
Final score 148 : 25 bomb: 0
Final score 149 : 25 bomb: 0
Final score 150 : 25 bomb: 0
Final score 151 : 24 bomb: 0
Final score 152 : 24 bomb: 0
Final score 153 : 25 bomb: 0
Final score 154 : 19 bomb: 0
Final score 155 : 24 bomb: 0
Final score 156 : 25 bomb: 0
Final score 157 : 25 bomb: 0
Final score 158 : 25 bomb: 0
Final score 159 : 23 bomb: 0
Final score 160 : 23 bomb: 0
Final score 161 : 24 bomb: 0
Final score 162 : 25 bomb: 0
Final score 163 : 25 bomb: 0
Final score 164 : 24 bomb: 0
Final score 165 : 25 bomb: 0
Final score 166 : 24 bomb: 0
Final score 167 : 25 bomb: 0
Final score 168 : 24 bomb: 0
Final score 169 : 22 bomb: 0
Final score 170 : 25 bomb: 0
Final score 171 : 25 bomb: 0
Final score 172 : 24 bomb: 0
Final score 173 : 25 bomb: 0
Final score 174 : 24 bomb: 0
Final score 175 : 25 bomb: 0
Final score 176 : 24 bomb: 0
Final score 177 : 25 bomb: 0
Final score 178 : 23 bomb: 0
Final score 179 : 25 bomb: 0
Final score 180 : 23 bomb: 0
Final score 181 : 22 bomb: 0
Final score 182 : 24 bomb: 0
Final score 183 : 24 bomb: 0
Final score 184 : 25 bomb: 0
Final score 185 : 25 bomb: 0
Final score 186 : 23 bomb: 0
Final score 187 : 25 bomb: 0
Final score 188 : 25 bomb: 0
Final score 189 : 24 bomb: 0
Final score 190 : 19 bomb: 0
Final score 191 : 25 bomb: 0
Final score 192 : 25 bomb: 0
Final score 193 : 23 bomb: 0
Final score 194 : 25 bomb: 0
Final score 195 : 23 bomb: 0
Final score 196 : 25 bomb: 0
Final score 197 : 25 bomb: 0
Final score 198 : 22 bomb: 0
Final score 199 : 25 bomb: 0
Final score 200 : 23 bomb: 0
Over 201 games, TorchBot scored an average of 24.0448 points per game.
  53.2338 percent were perfect games.
  Mulligans used: 0 (51.7413%); 1 (39.3035%); 2 (8.45771%); 3 (0.497512%).
Final score 201 : 22 bomb: 0
Final score 202 : 25 bomb: 0
Final score 203 : 24 bomb: 0
Final score 204 : 24 bomb: 0
Final score 205 : 25 bomb: 0
Final score 206 : 25 bomb: 0
Final score 207 : 22 bomb: 0
Final score 208 : 25 bomb: 0
Final score 209 : 25 bomb: 0
Final score 210 : 24 bomb: 0
Final score 211 : 25 bomb: 0
Final score 212 : 23 bomb: 0
Final score 213 : 23 bomb: 0
Final score 214 : 25 bomb: 0
Final score 215 : 25 bomb: 0
Final score 216 : 20 bomb: 0
Final score 217 : 25 bomb: 0
Final score 218 : 22 bomb: 0
Final score 219 : 23 bomb: 0
Final score 220 : 24 bomb: 0
Final score 221 : 23 bomb: 0
Final score 222 : 25 bomb: 0
Final score 223 : 24 bomb: 0
Final score 224 : 22 bomb: 0
Final score 225 : 25 bomb: 0
Final score 226 : 24 bomb: 0
Final score 227 : 23 bomb: 0
Final score 228 : 25 bomb: 0
Final score 229 : 25 bomb: 0
Final score 230 : 24 bomb: 0
Final score 231 : 22 bomb: 0
Final score 232 : 25 bomb: 0
Final score 233 : 25 bomb: 0
Final score 234 : 23 bomb: 0
Final score 235 : 24 bomb: 0
Final score 236 : 25 bomb: 0
Final score 237 : 25 bomb: 0
Final score 238 : 25 bomb: 0
Final score 239 : 24 bomb: 0
Final score 240 : 25 bomb: 0
Final score 241 : 25 bomb: 0
Final score 242 : 23 bomb: 0
Final score 243 : 25 bomb: 0
Final score 244 : 23 bomb: 0
Final score 245 : 25 bomb: 0
Final score 246 : 25 bomb: 0
Final score 247 : 25 bomb: 0
Final score 248 : 25 bomb: 0
Final score 249 : 24 bomb: 0
Final score 250 : 25 bomb: 0
Final score 251 : 21 bomb: 0
Final score 252 : 25 bomb: 0
Final score 253 : 20 bomb: 0
Final score 254 : 25 bomb: 0
Final score 255 : 25 bomb: 0
Final score 256 : 25 bomb: 0
Final score 257 : 25 bomb: 0
Final score 258 : 22 bomb: 0
Final score 259 : 25 bomb: 0
Final score 260 : 24 bomb: 0
Final score 261 : 25 bomb: 0
Final score 262 : 23 bomb: 0
Final score 263 : 25 bomb: 0
Final score 264 : 25 bomb: 0
Final score 265 : 24 bomb: 0
Final score 266 : 25 bomb: 0
Final score 267 : 25 bomb: 0
Final score 268 : 24 bomb: 0
Final score 269 : 22 bomb: 0
Final score 270 : 25 bomb: 0
Final score 271 : 25 bomb: 0
Final score 272 : 25 bomb: 0
Final score 273 : 25 bomb: 0
Final score 274 : 25 bomb: 0
Final score 275 : 25 bomb: 0
Final score 276 : 25 bomb: 0
Final score 277 : 25 bomb: 0
Final score 278 : 25 bomb: 0
Final score 279 : 25 bomb: 0
Final score 280 : 25 bomb: 0
Final score 281 : 25 bomb: 0
Final score 282 : 25 bomb: 0
Final score 283 : 25 bomb: 0
Final score 284 : 25 bomb: 0
Final score 285 : 23 bomb: 0
Final score 286 : 25 bomb: 0
Final score 287 : 25 bomb: 0
Final score 288 : 25 bomb: 0
Final score 289 : 25 bomb: 0
Final score 290 : 25 bomb: 0
Final score 291 : 24 bomb: 0
Final score 292 : 23 bomb: 0
Final score 293 : 25 bomb: 0
Final score 294 : 24 bomb: 0
Final score 295 : 25 bomb: 0
Final score 296 : 24 bomb: 0
Final score 297 : 25 bomb: 0
Final score 298 : 22 bomb: 0
Final score 299 : 24 bomb: 0
Final score 300 : 25 bomb: 0
Over 301 games, TorchBot scored an average of 24.1063 points per game.
  55.814 percent were perfect games.
  Mulligans used: 0 (52.8239%); 1 (38.8704%); 2 (7.97342%); 3 (0.332226%).
Final score 301 : 23 bomb: 0
Final score 302 : 25 bomb: 0
Final score 303 : 24 bomb: 0
Final score 304 : 22 bomb: 0
Final score 305 : 23 bomb: 0
Final score 306 : 25 bomb: 0
Final score 307 : 25 bomb: 0
Final score 308 : 24 bomb: 0
Final score 309 : 24 bomb: 0
Final score 310 : 25 bomb: 0
Final score 311 : 23 bomb: 0
Final score 312 : 25 bomb: 0
Final score 313 : 25 bomb: 0
Final score 314 : 24 bomb: 0
Final score 315 : 24 bomb: 0
Final score 316 : 24 bomb: 0
Final score 317 : 25 bomb: 0
Final score 318 : 25 bomb: 0
Final score 319 : 25 bomb: 0
Final score 320 : 24 bomb: 0
Final score 321 : 24 bomb: 0
Final score 322 : 25 bomb: 0
Final score 323 : 21 bomb: 0
Final score 324 : 22 bomb: 0
Final score 325 : 25 bomb: 0
Final score 326 : 25 bomb: 0
Final score 327 : 22 bomb: 0
Final score 328 : 25 bomb: 0
Final score 329 : 25 bomb: 0
Final score 330 : 24 bomb: 0
Final score 331 : 23 bomb: 0
Final score 332 : 25 bomb: 0
Final score 333 : 25 bomb: 0
Final score 334 : 25 bomb: 0
Final score 335 : 23 bomb: 0
Final score 336 : 21 bomb: 0
Final score 337 : 25 bomb: 0
Final score 338 : 25 bomb: 0
Final score 339 : 24 bomb: 0
Final score 340 : 25 bomb: 0
Final score 341 : 25 bomb: 0
Final score 342 : 24 bomb: 0
Final score 343 : 25 bomb: 0
Final score 344 : 25 bomb: 0
Final score 345 : 25 bomb: 0
Final score 346 : 25 bomb: 0
Final score 347 : 25 bomb: 0
Final score 348 : 24 bomb: 0
Final score 349 : 25 bomb: 0
Final score 350 : 21 bomb: 0
Final score 351 : 25 bomb: 0
Final score 352 : 25 bomb: 0
Final score 353 : 25 bomb: 0
Final score 354 : 19 bomb: 0
Final score 355 : 25 bomb: 0
Final score 356 : 24 bomb: 0
Final score 357 : 23 bomb: 0
Final score 358 : 25 bomb: 0
Final score 359 : 25 bomb: 0
Final score 360 : 25 bomb: 0
Final score 361 : 25 bomb: 0
Final score 362 : 25 bomb: 0
Final score 363 : 25 bomb: 0
Final score 364 : 25 bomb: 0
Final score 365 : 25 bomb: 0
Final score 366 : 25 bomb: 0
Final score 367 : 24 bomb: 0
Final score 368 : 25 bomb: 0
Final score 369 : 25 bomb: 0
Final score 370 : 25 bomb: 0
Final score 371 : 25 bomb: 0
Final score 372 : 23 bomb: 0
Final score 373 : 24 bomb: 0
Final score 374 : 24 bomb: 0
Final score 375 : 23 bomb: 0
Final score 376 : 22 bomb: 0
Final score 377 : 25 bomb: 0
Final score 378 : 25 bomb: 0
Final score 379 : 25 bomb: 0
Final score 380 : 25 bomb: 0
Final score 381 : 25 bomb: 0
Final score 382 : 25 bomb: 0
Final score 383 : 24 bomb: 0
Final score 384 : 25 bomb: 0
Final score 385 : 24 bomb: 0
Final score 386 : 25 bomb: 0
Final score 387 : 23 bomb: 0
Final score 388 : 25 bomb: 0
Final score 389 : 24 bomb: 0
Final score 390 : 23 bomb: 0
Final score 391 : 24 bomb: 0
Final score 392 : 25 bomb: 0
Final score 393 : 25 bomb: 0
Final score 394 : 23 bomb: 0
Final score 395 : 25 bomb: 0
Final score 396 : 25 bomb: 0
Final score 397 : 25 bomb: 0
Final score 398 : 25 bomb: 0
Final score 399 : 25 bomb: 0
Final score 400 : 25 bomb: 0
Over 401 games, TorchBot scored an average of 24.1496 points per game.
  57.1072 percent were perfect games.
  Mulligans used: 0 (54.1147%); 1 (37.1571%); 2 (8.4788%); 3 (0.249377%).
Final score 401 : 24 bomb: 0
Final score 402 : 24 bomb: 0
Final score 403 : 24 bomb: 0
Final score 404 : 25 bomb: 0
Final score 405 : 25 bomb: 0
Final score 406 : 24 bomb: 0
Final score 407 : 25 bomb: 0
Final score 408 : 25 bomb: 0
Final score 409 : 25 bomb: 0
Final score 410 : 25 bomb: 0
Final score 411 : 25 bomb: 0
Final score 412 : 25 bomb: 0
Final score 413 : 23 bomb: 0
Final score 414 : 22 bomb: 0
Final score 415 : 25 bomb: 0
Final score 416 : 25 bomb: 0
Final score 417 : 25 bomb: 0
Final score 418 : 25 bomb: 0
Final score 419 : 25 bomb: 0
Final score 420 : 24 bomb: 0
Final score 421 : 25 bomb: 0
Final score 422 : 23 bomb: 0
Final score 423 : 24 bomb: 0
Final score 424 : 22 bomb: 0
Final score 425 : 25 bomb: 0
Final score 426 : 25 bomb: 0
Final score 427 : 25 bomb: 0
Final score 428 : 25 bomb: 0
Final score 429 : 25 bomb: 0
Final score 430 : 25 bomb: 0
Final score 431 : 25 bomb: 0
Final score 432 : 25 bomb: 0
Final score 433 : 25 bomb: 0
Final score 434 : 24 bomb: 0
Final score 435 : 25 bomb: 0
Final score 436 : 25 bomb: 0
Final score 437 : 24 bomb: 0
Final score 438 : 24 bomb: 0
Final score 439 : 25 bomb: 0
Final score 440 : 25 bomb: 0
Final score 441 : 24 bomb: 0
Final score 442 : 25 bomb: 0
Final score 443 : 25 bomb: 0
Final score 444 : 23 bomb: 0
Final score 445 : 24 bomb: 0
Final score 446 : 24 bomb: 0
Final score 447 : 23 bomb: 0
Final score 448 : 25 bomb: 0
Final score 449 : 25 bomb: 0
Final score 450 : 25 bomb: 0
Final score 451 : 22 bomb: 0
Final score 452 : 23 bomb: 0
Final score 453 : 24 bomb: 0
Final score 454 : 25 bomb: 0
Final score 455 : 25 bomb: 0
Final score 456 : 25 bomb: 0
Final score 457 : 25 bomb: 0
Final score 458 : 25 bomb: 0
Final score 459 : 25 bomb: 0
Final score 460 : 25 bomb: 0
Final score 461 : 24 bomb: 0
Final score 462 : 23 bomb: 0
Final score 463 : 22 bomb: 0
Final score 464 : 24 bomb: 0
Final score 465 : 25 bomb: 0
Final score 466 : 25 bomb: 0
Final score 467 : 24 bomb: 0
Final score 468 : 24 bomb: 0
Final score 469 : 21 bomb: 0
Final score 470 : 23 bomb: 0
Final score 471 : 24 bomb: 0
Final score 472 : 24 bomb: 0
Final score 473 : 25 bomb: 0
Final score 474 : 23 bomb: 0
Final score 475 : 24 bomb: 0
Final score 476 : 25 bomb: 0
Final score 477 : 25 bomb: 0
Final score 478 : 25 bomb: 0
Final score 479 : 25 bomb: 0
Final score 480 : 22 bomb: 0
Final score 481 : 25 bomb: 0
Final score 482 : 23 bomb: 0
Final score 483 : 23 bomb: 0
Final score 484 : 25 bomb: 0
Final score 485 : 24 bomb: 0
Final score 486 : 25 bomb: 0
Final score 487 : 24 bomb: 0
Final score 488 : 25 bomb: 0
Final score 489 : 25 bomb: 0
Final score 490 : 25 bomb: 0
Final score 491 : 25 bomb: 0
Final score 492 : 24 bomb: 0
Final score 493 : 25 bomb: 0
Final score 494 : 25 bomb: 0
Final score 495 : 21 bomb: 0
Final score 496 : 25 bomb: 0
Final score 497 : 25 bomb: 0
Final score 498 : 22 bomb: 0
Final score 499 : 23 bomb: 0
Final score 500 : 25 bomb: 0
Over 501 games, TorchBot scored an average of 24.1776 points per game.
  57.2854 percent were perfect games.
  Mulligans used: 0 (53.8922%); 1 (37.9242%); 2 (7.98403%); 3 (0.199601%).
Final score 501 : 22 bomb: 0
Final score 502 : 21 bomb: 0
Final score 503 : 24 bomb: 0
Final score 504 : 24 bomb: 0
Final score 505 : 25 bomb: 0
Final score 506 : 24 bomb: 0
Final score 507 : 24 bomb: 0
Final score 508 : 25 bomb: 0
Final score 509 : 25 bomb: 0
Final score 510 : 23 bomb: 0
Final score 511 : 25 bomb: 0
Final score 512 : 25 bomb: 0
Final score 513 : 24 bomb: 0
Final score 514 : 23 bomb: 0
Final score 515 : 25 bomb: 0
Final score 516 : 25 bomb: 0
Final score 517 : 25 bomb: 0
Final score 518 : 23 bomb: 0
Final score 519 : 24 bomb: 0
Final score 520 : 25 bomb: 0
Final score 521 : 24 bomb: 0
Final score 522 : 24 bomb: 0
Final score 523 : 25 bomb: 0
Final score 524 : 25 bomb: 0
Final score 525 : 23 bomb: 0
Final score 526 : 23 bomb: 0
Final score 527 : 25 bomb: 0
Final score 528 : 25 bomb: 0
Final score 529 : 21 bomb: 0
Final score 530 : 25 bomb: 0
Final score 531 : 25 bomb: 0
Final score 532 : 21 bomb: 0
Final score 533 : 23 bomb: 0
Final score 534 : 23 bomb: 0
Final score 535 : 24 bomb: 0
Final score 536 : 24 bomb: 0
Final score 537 : 24 bomb: 0
Final score 538 : 25 bomb: 0
Final score 539 : 25 bomb: 0
Final score 540 : 25 bomb: 0
Final score 541 : 23 bomb: 0
Final score 542 : 25 bomb: 0
Final score 543 : 25 bomb: 0
Final score 544 : 23 bomb: 0
Final score 545 : 24 bomb: 0
Final score 546 : 25 bomb: 0
Final score 547 : 25 bomb: 0
Final score 548 : 24 bomb: 0
Final score 549 : 24 bomb: 0
Final score 550 : 24 bomb: 0
Final score 551 : 25 bomb: 0
Final score 552 : 24 bomb: 0
Final score 553 : 25 bomb: 0
Final score 554 : 25 bomb: 0
Final score 555 : 25 bomb: 0
Final score 556 : 25 bomb: 0
Final score 557 : 25 bomb: 0
Final score 558 : 25 bomb: 0
Final score 559 : 24 bomb: 0
Final score 560 : 24 bomb: 0
Final score 561 : 25 bomb: 0
Final score 562 : 25 bomb: 0
Final score 563 : 25 bomb: 0
Final score 564 : 25 bomb: 0
Final score 565 : 24 bomb: 0
Final score 566 : 25 bomb: 0
Final score 567 : 25 bomb: 0
Final score 568 : 25 bomb: 0
Final score 569 : 22 bomb: 0
Final score 570 : 25 bomb: 0
Final score 571 : 24 bomb: 0
Final score 572 : 25 bomb: 0
Final score 573 : 25 bomb: 0
Final score 574 : 25 bomb: 0
Final score 575 : 25 bomb: 0
Final score 576 : 25 bomb: 0
Final score 577 : 25 bomb: 0
Final score 578 : 24 bomb: 0
Final score 579 : 24 bomb: 0
Final score 580 : 25 bomb: 0
Final score 581 : 25 bomb: 0
Final score 582 : 22 bomb: 0
Final score 583 : 24 bomb: 0
Final score 584 : 25 bomb: 0
Final score 585 : 25 bomb: 0
Final score 586 : 25 bomb: 0
Final score 587 : 25 bomb: 0
Final score 588 : 22 bomb: 0
Final score 589 : 24 bomb: 0
Final score 590 : 22 bomb: 0
Final score 591 : 24 bomb: 0
Final score 592 : 24 bomb: 0
Final score 593 : 25 bomb: 0
Final score 594 : 19 bomb: 0
Final score 595 : 22 bomb: 0
Final score 596 : 25 bomb: 0
Final score 597 : 25 bomb: 0
Final score 598 : 24 bomb: 0
Final score 599 : 24 bomb: 0
Final score 600 : 21 bomb: 0
Over 601 games, TorchBot scored an average of 24.1714 points per game.
  56.406 percent were perfect games.
  Mulligans used: 0 (54.0765%); 1 (38.1032%); 2 (7.65391%); 3 (0.166389%).
Final score 601 : 22 bomb: 0
Final score 602 : 25 bomb: 0
Final score 603 : 22 bomb: 0
Final score 604 : 25 bomb: 0
Final score 605 : 24 bomb: 0
Final score 606 : 24 bomb: 0
Final score 607 : 25 bomb: 0
Final score 608 : 25 bomb: 0
Final score 609 : 25 bomb: 0
Final score 610 : 25 bomb: 0
Final score 611 : 24 bomb: 0
Final score 612 : 23 bomb: 0
Final score 613 : 24 bomb: 0
Final score 614 : 25 bomb: 0
Final score 615 : 24 bomb: 0
Final score 616 : 25 bomb: 0
Final score 617 : 25 bomb: 0
Final score 618 : 24 bomb: 0
Final score 619 : 25 bomb: 0
Final score 620 : 25 bomb: 0
Final score 621 : 25 bomb: 0
Final score 622 : 24 bomb: 0
Final score 623 : 25 bomb: 0
Final score 624 : 25 bomb: 0
Final score 625 : 25 bomb: 0
Final score 626 : 25 bomb: 0
Final score 627 : 23 bomb: 0
Final score 628 : 25 bomb: 0
Final score 629 : 25 bomb: 0
Final score 630 : 23 bomb: 0
Final score 631 : 25 bomb: 0
Final score 632 : 25 bomb: 0
Final score 633 : 20 bomb: 0
Final score 634 : 19 bomb: 0
Final score 635 : 25 bomb: 0
Final score 636 : 25 bomb: 0
Final score 637 : 25 bomb: 0
Final score 638 : 25 bomb: 0
Final score 639 : 25 bomb: 0
Final score 640 : 25 bomb: 0
Final score 641 : 22 bomb: 0
Final score 642 : 25 bomb: 0
Final score 643 : 21 bomb: 0
Final score 644 : 18 bomb: 0
Final score 645 : 25 bomb: 0
Final score 646 : 25 bomb: 0
Final score 647 : 25 bomb: 0
Final score 648 : 25 bomb: 0
Final score 649 : 19 bomb: 0
Final score 650 : 25 bomb: 0
Final score 651 : 25 bomb: 0
Final score 652 : 25 bomb: 0
Final score 653 : 25 bomb: 0
Final score 654 : 25 bomb: 0
Final score 655 : 23 bomb: 0
Final score 656 : 23 bomb: 0
Final score 657 : 24 bomb: 0
Final score 658 : 24 bomb: 0
Final score 659 : 25 bomb: 0
Final score 660 : 23 bomb: 0
Final score 661 : 25 bomb: 0
Final score 662 : 24 bomb: 0
Final score 663 : 25 bomb: 0
Final score 664 : 25 bomb: 0
Final score 665 : 25 bomb: 0
Final score 666 : 25 bomb: 0
Final score 667 : 22 bomb: 0
Final score 668 : 25 bomb: 0
Final score 669 : 22 bomb: 0
Final score 670 : 24 bomb: 0
Final score 671 : 24 bomb: 0
Final score 672 : 25 bomb: 0
Final score 673 : 25 bomb: 0
Final score 674 : 25 bomb: 0
Final score 675 : 25 bomb: 0
Final score 676 : 25 bomb: 0
Final score 677 : 25 bomb: 0
Final score 678 : 25 bomb: 0
Final score 679 : 25 bomb: 0
Final score 680 : 25 bomb: 0
Final score 681 : 23 bomb: 0
Final score 682 : 17 bomb: 1
Final score 683 : 25 bomb: 0
Final score 684 : 24 bomb: 0
Final score 685 : 24 bomb: 0
Final score 686 : 25 bomb: 0
Final score 687 : 25 bomb: 0
Final score 688 : 22 bomb: 0
Final score 689 : 21 bomb: 0
Final score 690 : 23 bomb: 0
Final score 691 : 25 bomb: 0
Final score 692 : 25 bomb: 0
Final score 693 : 25 bomb: 0
Final score 694 : 25 bomb: 0
Final score 695 : 23 bomb: 0
Final score 696 : 21 bomb: 0
Final score 697 : 25 bomb: 0
Final score 698 : 25 bomb: 0
Final score 699 : 23 bomb: 0
Final score 700 : 25 bomb: 0
Over 701 games, TorchBot scored an average of 24.1526 points per game.
  57.204 percent were perfect games.
  Mulligans used: 0 (54.4936%); 1 (37.9458%); 2 (7.27532%); 3 (0.285307%).
Final score 701 : 25 bomb: 0
Final score 702 : 22 bomb: 0
Final score 703 : 25 bomb: 0
Final score 704 : 25 bomb: 0
Final score 705 : 25 bomb: 0
Final score 706 : 24 bomb: 0
Final score 707 : 25 bomb: 0
Final score 708 : 25 bomb: 0
Final score 709 : 25 bomb: 0
Final score 710 : 25 bomb: 0
Final score 711 : 25 bomb: 0
Final score 712 : 25 bomb: 0
Final score 713 : 24 bomb: 0
Final score 714 : 25 bomb: 0
Final score 715 : 25 bomb: 0
Final score 716 : 25 bomb: 0
Final score 717 : 25 bomb: 0
Final score 718 : 24 bomb: 0
Final score 719 : 25 bomb: 0
Final score 720 : 25 bomb: 0
Final score 721 : 25 bomb: 0
Final score 722 : 25 bomb: 0
Final score 723 : 20 bomb: 0
Final score 724 : 25 bomb: 0
Final score 725 : 25 bomb: 0
Final score 726 : 25 bomb: 0
Final score 727 : 24 bomb: 0
Final score 728 : 22 bomb: 0
Final score 729 : 25 bomb: 0
Final score 730 : 25 bomb: 0
Final score 731 : 24 bomb: 0
Final score 732 : 24 bomb: 0
Final score 733 : 25 bomb: 0
Final score 734 : 25 bomb: 0
Final score 735 : 21 bomb: 0
Final score 736 : 23 bomb: 0
Final score 737 : 25 bomb: 0
Final score 738 : 25 bomb: 0
Final score 739 : 23 bomb: 0
Final score 740 : 23 bomb: 0
Final score 741 : 22 bomb: 0
Final score 742 : 25 bomb: 0
Final score 743 : 21 bomb: 0
Final score 744 : 24 bomb: 0
Final score 745 : 25 bomb: 0
Final score 746 : 25 bomb: 0
Final score 747 : 25 bomb: 0
Final score 748 : 23 bomb: 0
Final score 749 : 25 bomb: 0
Final score 750 : 24 bomb: 0
Final score 751 : 25 bomb: 0
Final score 752 : 25 bomb: 0
Final score 753 : 19 bomb: 0
Final score 754 : 24 bomb: 0
Final score 755 : 25 bomb: 0
Final score 756 : 25 bomb: 0
Final score 757 : 25 bomb: 0
Final score 758 : 24 bomb: 0
Final score 759 : 24 bomb: 0
Final score 760 : 25 bomb: 0
Final score 761 : 25 bomb: 0
Final score 762 : 25 bomb: 0
Final score 763 : 24 bomb: 0
Final score 764 : 25 bomb: 0
Final score 765 : 24 bomb: 0
Final score 766 : 25 bomb: 0
Final score 767 : 25 bomb: 0
Final score 768 : 25 bomb: 0
Final score 769 : 25 bomb: 0
Final score 770 : 25 bomb: 0
Final score 771 : 23 bomb: 0
Final score 772 : 24 bomb: 0
Final score 773 : 22 bomb: 0
Final score 774 : 23 bomb: 0
Final score 775 : 23 bomb: 0
Final score 776 : 24 bomb: 0
Final score 777 : 25 bomb: 0
Final score 778 : 22 bomb: 0
Final score 779 : 25 bomb: 0
Final score 780 : 25 bomb: 0
Final score 781 : 25 bomb: 0
Final score 782 : 25 bomb: 0
Final score 783 : 25 bomb: 0
Final score 784 : 24 bomb: 0
Final score 785 : 25 bomb: 0
Final score 786 : 25 bomb: 0
Final score 787 : 22 bomb: 0
Final score 788 : 24 bomb: 0
Final score 789 : 25 bomb: 0
Final score 790 : 25 bomb: 0
Final score 791 : 25 bomb: 0
Final score 792 : 23 bomb: 0
Final score 793 : 24 bomb: 0
Final score 794 : 25 bomb: 0
Final score 795 : 25 bomb: 0
Final score 796 : 25 bomb: 0
Final score 797 : 25 bomb: 0
Final score 798 : 23 bomb: 0
Final score 799 : 22 bomb: 0
Final score 800 : 25 bomb: 0
Over 801 games, TorchBot scored an average of 24.1635 points per game.
  57.8027 percent were perfect games.
  Mulligans used: 0 (54.0574%); 1 (38.0774%); 2 (7.61548%); 3 (0.249688%).
Final score 801 : 23 bomb: 0
Final score 802 : 25 bomb: 0
Final score 803 : 22 bomb: 0
Final score 804 : 23 bomb: 0
Final score 805 : 25 bomb: 0
Final score 806 : 23 bomb: 0
Final score 807 : 22 bomb: 0
Final score 808 : 25 bomb: 0
Final score 809 : 25 bomb: 0
Final score 810 : 25 bomb: 0
Final score 811 : 24 bomb: 0
Final score 812 : 25 bomb: 0
Final score 813 : 25 bomb: 0
Final score 814 : 24 bomb: 0
Final score 815 : 23 bomb: 0
Final score 816 : 25 bomb: 0
Final score 817 : 25 bomb: 0
Final score 818 : 25 bomb: 0
Final score 819 : 25 bomb: 0
Final score 820 : 25 bomb: 0
Final score 821 : 25 bomb: 0
Final score 822 : 25 bomb: 0
Final score 823 : 24 bomb: 0
Final score 824 : 25 bomb: 0
Final score 825 : 23 bomb: 0
Final score 826 : 23 bomb: 0
Final score 827 : 24 bomb: 0
Final score 828 : 25 bomb: 0
Final score 829 : 19 bomb: 0
Final score 830 : 19 bomb: 0
Final score 831 : 23 bomb: 0
Final score 832 : 23 bomb: 0
Final score 833 : 25 bomb: 0
Final score 834 : 25 bomb: 0
Final score 835 : 24 bomb: 0
Final score 836 : 24 bomb: 0
Final score 837 : 24 bomb: 0
Final score 838 : 24 bomb: 0
Final score 839 : 25 bomb: 0
Final score 840 : 25 bomb: 0
Final score 841 : 25 bomb: 0
Final score 842 : 23 bomb: 0
Final score 843 : 25 bomb: 0
Final score 844 : 24 bomb: 0
Final score 845 : 23 bomb: 0
Final score 846 : 24 bomb: 0
Final score 847 : 24 bomb: 0
Final score 848 : 24 bomb: 0
Final score 849 : 24 bomb: 0
Final score 850 : 24 bomb: 0
Final score 851 : 25 bomb: 0
Final score 852 : 21 bomb: 0
Final score 853 : 25 bomb: 0
Final score 854 : 25 bomb: 0
Final score 855 : 23 bomb: 0
Final score 856 : 25 bomb: 0
Final score 857 : 25 bomb: 0
Final score 858 : 24 bomb: 0
Final score 859 : 25 bomb: 0
Final score 860 : 25 bomb: 0
Final score 861 : 24 bomb: 0
Final score 862 : 25 bomb: 0
Final score 863 : 25 bomb: 0
Final score 864 : 25 bomb: 0
Final score 865 : 23 bomb: 0
Final score 866 : 22 bomb: 0
Final score 867 : 23 bomb: 0
Final score 868 : 25 bomb: 0
Final score 869 : 22 bomb: 0
Final score 870 : 10 bomb: 1
Final score 871 : 25 bomb: 0
Final score 872 : 25 bomb: 0
Final score 873 : 25 bomb: 0
Final score 874 : 25 bomb: 0
Final score 875 : 25 bomb: 0
Final score 876 : 25 bomb: 0
Final score 877 : 23 bomb: 0
Final score 878 : 22 bomb: 0
Final score 879 : 23 bomb: 0
Final score 880 : 23 bomb: 0
Final score 881 : 25 bomb: 0
Final score 882 : 25 bomb: 0
Final score 883 : 23 bomb: 0
Final score 884 : 25 bomb: 0
Final score 885 : 23 bomb: 0
Final score 886 : 25 bomb: 0
Final score 887 : 21 bomb: 0
Final score 888 : 24 bomb: 0
Final score 889 : 25 bomb: 0
Final score 890 : 23 bomb: 0
Final score 891 : 25 bomb: 0
Final score 892 : 23 bomb: 0
Final score 893 : 23 bomb: 0
Final score 894 : 24 bomb: 0
Final score 895 : 24 bomb: 0
Final score 896 : 25 bomb: 0
Final score 897 : 25 bomb: 0
Final score 898 : 25 bomb: 0
Final score 899 : 25 bomb: 0
Final score 900 : 25 bomb: 0
Over 901 games, TorchBot scored an average of 24.1332 points per game.
  56.9367 percent were perfect games.
  Mulligans used: 0 (53.8291%); 1 (38.0688%); 2 (7.76915%); 3 (0.332963%).
Final score 901 : 25 bomb: 0
Final score 902 : 25 bomb: 0
Final score 903 : 25 bomb: 0
Final score 904 : 24 bomb: 0
Final score 905 : 25 bomb: 0
Final score 906 : 25 bomb: 0
Final score 907 : 24 bomb: 0
Final score 908 : 23 bomb: 0
Final score 909 : 23 bomb: 0
Final score 910 : 24 bomb: 0
Final score 911 : 23 bomb: 0
Final score 912 : 25 bomb: 0
Final score 913 : 24 bomb: 0
Final score 914 : 25 bomb: 0
Final score 915 : 22 bomb: 0
Final score 916 : 24 bomb: 0
Final score 917 : 25 bomb: 0
Final score 918 : 25 bomb: 0
Final score 919 : 24 bomb: 0
Final score 920 : 23 bomb: 0
Final score 921 : 25 bomb: 0
Final score 922 : 23 bomb: 0
Final score 923 : 25 bomb: 0
Final score 924 : 25 bomb: 0
Final score 925 : 25 bomb: 0
Final score 926 : 25 bomb: 0
Final score 927 : 25 bomb: 0
Final score 928 : 25 bomb: 0
Final score 929 : 24 bomb: 0
Final score 930 : 21 bomb: 0
Final score 931 : 25 bomb: 0
Final score 932 : 25 bomb: 0
Final score 933 : 25 bomb: 0
Final score 934 : 24 bomb: 0
Final score 935 : 25 bomb: 0
Final score 936 : 24 bomb: 0
Final score 937 : 23 bomb: 0
Final score 938 : 25 bomb: 0
Final score 939 : 25 bomb: 0
Final score 940 : 25 bomb: 0
Final score 941 : 24 bomb: 0
Final score 942 : 24 bomb: 0
Final score 943 : 25 bomb: 0
Final score 944 : 25 bomb: 0
Final score 945 : 25 bomb: 0
Final score 946 : 23 bomb: 0
Final score 947 : 25 bomb: 0
Final score 948 : 24 bomb: 0
Final score 949 : 24 bomb: 0
Final score 950 : 25 bomb: 0
Final score 951 : 17 bomb: 0
Final score 952 : 22 bomb: 0
Final score 953 : 25 bomb: 0
Final score 954 : 25 bomb: 0
Final score 955 : 24 bomb: 0
Final score 956 : 24 bomb: 0
Final score 957 : 23 bomb: 0
Final score 958 : 25 bomb: 0
Final score 959 : 25 bomb: 0
Final score 960 : 24 bomb: 0
Final score 961 : 25 bomb: 0
Final score 962 : 25 bomb: 0
Final score 963 : 25 bomb: 0
Final score 964 : 24 bomb: 0
Final score 965 : 25 bomb: 0
Final score 966 : 25 bomb: 0
Final score 967 : 25 bomb: 0
Final score 968 : 24 bomb: 0
Final score 969 : 23 bomb: 0
Final score 970 : 23 bomb: 0
Final score 971 : 25 bomb: 0
Final score 972 : 24 bomb: 0
Final score 973 : 25 bomb: 0
Final score 974 : 25 bomb: 0
Final score 975 : 24 bomb: 0
Final score 976 : 23 bomb: 0
Final score 977 : 24 bomb: 0
Final score 978 : 24 bomb: 0
Final score 979 : 24 bomb: 0
Final score 980 : 25 bomb: 0
Final score 981 : 23 bomb: 0
Final score 982 : 23 bomb: 0
Final score 983 : 23 bomb: 0
Final score 984 : 25 bomb: 0
Final score 985 : 25 bomb: 0
Final score 986 : 24 bomb: 0
Final score 987 : 25 bomb: 0
Final score 988 : 25 bomb: 0
Final score 989 : 25 bomb: 0
Final score 990 : 24 bomb: 0
Final score 991 : 25 bomb: 0
Final score 992 : 24 bomb: 0
Final score 993 : 25 bomb: 0
Final score 994 : 21 bomb: 0
Final score 995 : 25 bomb: 0
Final score 996 : 25 bomb: 0
Final score 997 : 25 bomb: 0
Final score 998 : 24 bomb: 0
Final score 999 : 21 bomb: 0
Over 1000 games, TorchBot scored an average of 24.138 points per game.
  56.5 percent were perfect games.
  Mulligans used: 0 (53.1%); 1 (39.3%); 2 (7.3%); 3 (0.3%).